Wed Aug 24 14:41:29 CEST 2016
t3wn54.psi.ch
Linux t3wn54.psi.ch 2.6.32-642.el6.x86_64 #1 SMP Tue May 10 15:13:20 CDT 2016 x86_64 x86_64 x86_64 GNU/Linux
Filesystem            Size  Used Avail Use% Mounted on
/dev/md1               20G  6.5G   12G  36% /
tmpfs                  63G   12K   63G   1% /dev/shm
/dev/md0              2.9G  111M  2.6G   5% /boot
/dev/md10              98G   55G   43G  56% /cvmfs_local
/dev/md11              98G   33M   98G   1% /fs_cache
/dev/md5               20G  872M   18G   5% /opt
/dev/md6              1.3T   55G  1.3T   5% /scratch
/dev/md3              9.5G   23M  9.0G   1% /tmp
/dev/md2              9.5G  915M  8.1G  10% /var
/dev/md7               20G  355M   18G   2% /var/cache/openafs
/dev/md8               39G  445M   36G   2% /var/log
/dev/md9              1.9G   29M  1.8G   2% /var/log/audit
t3nfs01:/zfs/data01/swshare
                      3.1T  345G  2.7T  12% /mnt/t3nfs01/data01/swshare
t3nfs01:/zfs/data01/shome
                      2.7T     0  2.7T   0% /mnt/t3nfs01/data01/shome
t3dcachedb03:/pnfs/psi.ch/cms
                      1.0E  414T  1.0E   1% /pnfs/psi.ch/cms
AFS                   2.0T     0  2.0T   0% /afs
t3nfs02:/zfs/data01/t3nfs01_data01/swshare
                      5.5T  273G  5.3T   5% /mnt/t3nfs02/data01/swshare
t3nfs02:/zfs/data01/t3nfs01_data01/shome
                      5.3T     0  5.3T   0% /mnt/t3nfs02/data01/shome
cvmfs2                 94G   55G   40G  59% /cvmfs/cms.cern.ch
Setting up environment for compiling/running SFrame
/shome/ytakahas/work/TauTau/SFrameAnalysis/SFrame/python:/shome/ytakahas/work/TauTau/SFrameAnalysis/SFrame/python:/mnt/t3nfs01/data01/shome/ytakahas/work/TauTau/CMSSW_8_0_11/python:/mnt/t3nfs01/data01/shome/ytakahas/work/TauTau/CMSSW_8_0_11/lib/slc6_amd64_gcc530:/cvmfs/cms.cern.ch/slc6_amd64_gcc530/cms/cmssw/CMSSW_8_0_11/python:/cvmfs/cms.cern.ch/slc6_amd64_gcc530/cms/cmssw/CMSSW_8_0_11/lib/slc6_amd64_gcc530:/cvmfs/cms.cern.ch/slc6_amd64_gcc530/cms/coral/CORAL_2_3_21-ikhhed6/slc6_amd64_gcc530/python:/cvmfs/cms.cern.ch/slc6_amd64_gcc530/cms/coral/CORAL_2_3_21-ikhhed6/slc6_amd64_gcc530/lib:/cvmfs/cms.cern.ch/slc6_amd64_gcc530/external/pyqt/4.8.1-ikhhed/lib/python2.7/site-packages:/cvmfs/cms.cern.ch/slc6_amd64_gcc530/external/python-ldap/2.4.10-ikhhed/lib/python2.7/site-packages:/cvmfs/cms.cern.ch/slc6_amd64_gcc530/external/py2-scipy/0.8.0-giojec/lib/python2.7/site-packages:/cvmfs/cms.cern.ch/slc6_amd64_gcc530/external/py2-pandas/0.17.1-giojec/lib/python2.7/site-packages:/cvmfs/cms.cern.ch/slc6_amd64_gcc530/external/py2-matplotlib/1.2.1-giojec/lib/python2.7/site-packages:/cvmfs/cms.cern.ch/slc6_amd64_gcc530/external/yoda/1.5.5-ikhhed/lib/python2.7/site-packages:/cvmfs/cms.cern.ch/slc6_amd64_gcc530/external/sip/4.11.2-ikhhed/lib/python2.7/site-packages:/cvmfs/cms.cern.ch/slc6_amd64_gcc530/external/llvm/3.7.1-giojec/lib64/python2.7/site-packages:/cvmfs/cms.cern.ch/slc6_amd64_gcc530/external/py2-sqlalchemy/0.8.2-ikhhed/lib/python2.7/site-packages:/cvmfs/cms.cern.ch/slc6_amd64_gcc530/external/py2-pycurl/7.43.0/lib/python2.7/site-packages:/cvmfs/cms.cern.ch/slc6_amd64_gcc530/external/py2-pytz/2014.7-ikhhed/lib/python2.7/site-packages:/cvmfs/cms.cern.ch/slc6_amd64_gcc530/external/py2-python-dateutil/1.5-ikhhed/lib/python2.7/site-packages:/cvmfs/cms.cern.ch/slc6_amd64_gcc530/external/py2-numpy/1.9.2-giojec/lib/python2.7/site-packages:/cvmfs/cms.cern.ch/slc6_amd64_gcc530/external/py2-lint/0.25.1-ikhhed/lib/python2.7/site-packages:/cvmfs/cms.cern.ch/slc6_amd64_gcc530/external/py2-ipython/3.1.0-ikhhed/lib/python2.7/site-packages:/cvmfs/cms.cern.ch/slc6_amd64_gcc530/external/py2-dxr/1.0-giojec/lib/python2.7/site-packages:/cvmfs/cms.cern.ch/slc6_amd64_gcc530/external/py2-cx-oracle/5.1-ikhhed/lib/python2.7/site-packages:/cvmfs/cms.cern.ch/slc6_amd64_gcc530/external/py2-cjson/1.0.5-ikhhed/lib/python2.7/site-packages:/cvmfs/cms.cern.ch/slc6_amd64_gcc530/external/frontier_client/2.8.19-ikhhed/python/lib:/cvmfs/cms.cern.ch/slc6_amd64_gcc530/cms/das_client/v02.05.00-ikhhed/bin:/cvmfs/cms.cern.ch/slc6_amd64_gcc530/external/cython/0.22-ikhhed/lib/python2.7/site-packages:/cvmfs/cms.cern.ch/slc6_amd64_gcc530/external/rivet/2.4.0-giojec/lib/python2.7/site-packages:/cvmfs/cms.cern.ch/slc6_amd64_gcc530/lcg/root/6.06.00-ikhhed4/lib:/cvmfs/cms.cern.ch/slc6_amd64_gcc530/external/pyminuit2/0.0.1-ikhhed4/lib/python2.7/site-packages:/cvmfs/cms.cern.ch/slc6_amd64_gcc530/external/py2-six/1.9.0-ikhhed/lib/python2.7/site-packages:/cvmfs/cms.cern.ch/slc6_amd64_gcc530/external/py2-schema/0.3.1-ikhhed/lib/python2.7/site-packages:/cvmfs/cms.cern.ch/slc6_amd64_gcc530/external/py2-requests/2.5.1-ikhhed/lib/python2.7/site-packages:/cvmfs/cms.cern.ch/slc6_amd64_gcc530/external/py2-PyYAML/3.11-ikhhed/lib/python2.7/site-packages:/cvmfs/cms.cern.ch/slc6_amd64_gcc530/external/py2-pyparsing/2.0.3-ikhhed/lib/python2.7/site-packages:/cvmfs/cms.cern.ch/slc6_amd64_gcc530/external/py2-pygithub/1.23.0-ikhhed/lib/python2.7/site-packages:/cvmfs/cms.cern.ch/slc6_amd64_gcc530/external/py2-prettytable/0.7.2-ikhhed/lib/python2.7/site-packages:/cvmfs/cms.cern.ch/slc6_amd64_gcc530/external/py2-networkx/1.8.1-giojec/lib/python2.7/site-packages:/cvmfs/cms.cern.ch/slc6_amd64_gcc530/external/py2-pysqlite/2.8.1-ikhhed/lib/python2.7/site-packages:/cvmfs/cms.cern.ch/slc6_amd64_gcc530/external/py2-pygments/1.6-ikhhed/lib/python2.7/site-packages:/cvmfs/cms.cern.ch/slc6_amd64_gcc530/external/py2-parsimonious/0.6.1-ikhhed/lib/python2.7/site-packages:/cvmfs/cms.cern.ch/slc6_amd64_gcc530/external/py2-ordereddict/1.1-ikhhed/lib/python2.7/site-packages:/cvmfs/cms.cern.ch/slc6_amd64_gcc530/external/py2-markupsafe/0.23-ikhhed/lib/python2.7/site-packages:/cvmfs/cms.cern.ch/slc6_amd64_gcc530/external/py2-jinja/2.7.2-ikhhed/lib/python2.7/site-packages:/cvmfs/cms.cern.ch/slc6_amd64_gcc530/external/py2-futures/2.2.0-ikhhed/lib/python2.7/site-packages:/cvmfs/cms.cern.ch/slc6_amd64_gcc530/external/py2-docopt/0.6.2-ikhhed/lib/python2.7/site-packages:/cvmfs/cms.cern.ch/slc6_amd64_gcc530/external/py2-dablooms/0.9.1-ikhhed/lib/python2.7/site-packages:/cvmfs/cms.cern.ch/slc6_amd64_gcc530/external/professor/1.4.0-ikhhed4/lib/python2.7/site-packages:/cvmfs/cms.cern.ch/slc6_amd64_gcc530/cms/dbs-client/DBS_2_1_9-ikhhed/lib:/cvmfs/cms.cern.ch/slc6_amd64_gcc530/cms/dbs-client/DBS_2_1_9-ikhhed/lib/DBSAPI:/cvmfs/cms.cern.ch/slc6_amd64_gcc530/external/cvs2git/5419-ikhhed/lib
MANPATH=/opt/glite/share/man::
GLITE_SD_PLUGIN=file,bdii
HOSTNAME=t3wn54.psi.ch
SGE_TASK_STEPSIZE=undefined
GRID_ENV_LOCATION=/usr/libexec
SHELL=/bin/zsh
TERM=linux
VOMS_USERCONF=/etc/vomses
NHOSTS=1
SGE_O_WORKDIR=/mnt/t3nfs01/data01/shome/ytakahas/work/TauTau/SFrameAnalysis/AnalysisTemp/sframe_GOtoHQ
TMPDIR=/scratch/tmpdir-3293586.1.all.q
SGE_O_HOME=/shome/ytakahas
DPM_HOST=my-dpm.psi.ch
GT_PROXY_MODE=old
SGE_ARCH=lx24-amd64
SGE_CELL=default
X509_CERT_DIR=/etc/grid-security/certificates
RESTARTED=0
ARC=lx24-amd64
USER=ytakahas
LCG_LOCATION=/usr
VO_CMS_SW_DIR=/cvmfs/cms.cern.ch
SGE_TASK_LAST=undefined
QUEUE=all.q
SGE_TASK_ID=undefined
SGE_BINARY_PATH=/gridware/sge/bin/lx24-amd64
PATH=/shome/ytakahas/work/TauTau/SFrameAnalysis/SFrame/bin:/shome/ytakahas/work/TauTau/SFrameAnalysis/SFrame/bin:/cvmfs/cms.cern.ch/share/overrides/bin:/mnt/t3nfs01/data01/shome/ytakahas/work/TauTau/CMSSW_8_0_11/bin/slc6_amd64_gcc530:/mnt/t3nfs01/data01/shome/ytakahas/work/TauTau/CMSSW_8_0_11/external/slc6_amd64_gcc530/bin:/cvmfs/cms.cern.ch/slc6_amd64_gcc530/cms/cmssw/CMSSW_8_0_11/bin/slc6_amd64_gcc530:/cvmfs/cms.cern.ch/slc6_amd64_gcc530/cms/cmssw/CMSSW_8_0_11/external/slc6_amd64_gcc530/bin:/cvmfs/cms.cern.ch/slc6_amd64_gcc530/external/llvm/3.7.1-giojec/bin:/cvmfs/cms.cern.ch/slc6_amd64_gcc530/external/gcc/5.3.0/bin:/cvmfs/cms.cern.ch/common:/cvmfs/cms.cern.ch/bin:/bin:/gridware/sge/bin/lx24-amd64:/usr/lib64/qt-3.3/bin:/usr/local/bin:/usr/bin:/usr/local/sbin:/usr/sbin:/sbin:/mnt/t3nfs01/data01/swshare/psit3/bin:/shome/ytakahas/bin
DPNS_HOST=my-dpm.psi.ch
runlevel=3
RUNLEVEL=3
VO_CMS_DEFAULT_SE=t3se01.psi.ch
SGE_STDERR_PATH=/shome/ytakahas/work/TauTau/SFrameAnalysis/SFrame/../AnalysisTemp/sframe_jxlSPK/TauTauAnalysis.SUSYGluGluToHToTauTau_M-160.SUSYGluGluToHToTauTau_M-160_TuneCUETP8M1_13TeV-pythia8subjob6.log
LANGSH_SOURCED=1
PWD=/shome/ytakahas/work/TauTau/SFrameAnalysis/SFrame
SGE_STDOUT_PATH=/shome/ytakahas/work/TauTau/SFrameAnalysis/SFrame/../AnalysisTemp/sframe_jxlSPK/TauTauAnalysis.SUSYGluGluToHToTauTau_M-160.SUSYGluGluToHToTauTau_M-160_TuneCUETP8M1_13TeV-pythia8subjob6.log
SGE_ACCOUNT=sge
SGE_EXECD_PORT=6445
LANG=en_US.UTF-8
JOB_SCRIPT=/gridware/sge/default/spool/t3wn54/job_scripts/3293586
JOB_NAME=SUSYGluGluToHToTauTau_M-160SUSYGluGluToHToTauTau_M-160_TuneCUETP8M1_13TeV-pythia8subjob6
SGE_QMASTER_PORT=6444
X509_VOMS_DIR=/etc/grid-security/vomsdir
SGE_ROOT=/gridware/sge
BDII_LIST=lcg-bdii.cern.ch:2170
previous=N
PREVLEVEL=N
MYPROXY_SERVER=myproxy.cern.ch
REQNAME=SUSYGluGluToHToTauTau_M-160SUSYGluGluToHToTauTau_M-160_TuneCUETP8M1_13TeV-pythia8subjob6
SGE_JOB_SPOOL_DIR=/gridware/sge/default/spool/t3wn54/active_jobs/3293586.1
ENVIRONMENT=BATCH
CONSOLETYPE=serial
GLITE_SD_SERVICES_XML=/usr/etc/services.xml
GLITE_LOCATION_VAR=/var
HOME=/shome/ytakahas
SHLVL=3
GLOBUS_TCP_PORT_RANGE=20000,25000
SGE_CWD_PATH=/shome/ytakahas
NQUEUES=1
X509_USER_PROXY=/mnt/t3nfs01/data01/shome/ytakahas/.x509up_u639
SGE_O_LOGNAME=ytakahas
SGE_O_MAIL=/var/spool/mail/ytakahas
UPSTART_INSTANCE=
LCG_GFAL_INFOSYS=bdii-fzk.gridka.de:2170
TMP=/scratch/tmpdir-3293586.1.all.q
JOB_ID=3293586
LOGNAME=ytakahas
UPSTART_EVENTS=runlevel
SGE_STARTER_SHELL_START_MODE=posix_compliant
SGE_STARTER_SHELL_PATH=/bin/zsh
SGE_TASK_FIRST=undefined
SGE_O_PATH=/shome/ytakahas/work/TauTau/SFrameAnalysis/SFrame/bin:/cvmfs/cms.cern.ch/share/overrides/bin:/mnt/t3nfs01/data01/shome/ytakahas/work/TauTau/CMSSW_8_0_11/bin/slc6_amd64_gcc530:/mnt/t3nfs01/data01/shome/ytakahas/work/TauTau/CMSSW_8_0_11/external/slc6_amd64_gcc530/bin:/cvmfs/cms.cern.ch/slc6_amd64_gcc530/cms/cmssw/CMSSW_8_0_11/bin/slc6_amd64_gcc530:/cvmfs/cms.cern.ch/slc6_amd64_gcc530/cms/cmssw/CMSSW_8_0_11/external/slc6_amd64_gcc530/bin:/cvmfs/cms.cern.ch/slc6_amd64_gcc530/external/llvm/3.7.1-giojec/bin:/cvmfs/cms.cern.ch/slc6_amd64_gcc530/external/gcc/5.3.0/bin:/cvmfs/cms.cern.ch/common:/cvmfs/cms.cern.ch/bin:/bin:/gridware/sge/bin/lx24-amd64:/usr/lib64/qt-3.3/bin:/usr/local/bin:/usr/bin:/usr/local/sbin:/usr/sbin:/sbin:/mnt/t3nfs01/data01/swshare/psit3/bin:/shome/ytakahas/bin
UPSTART_JOB=rc
SGE_O_HOST=t3ui12
SGE_O_SHELL=/bin/bash
GLITE_LOCATION=/usr
REQUEST=SUSYGluGluToHToTauTau_M-160SUSYGluGluToHToTauTau_M-160_TuneCUETP8M1_13TeV-pythia8subjob6
NSLOTS=1
SRM_PATH=/usr/share/srm
SGE_STDIN_PATH=/dev/null
OLDPWD=/shome/ytakahas/work/TauTau/SFrameAnalysis
ROOTSYS=/cvmfs/cms.cern.ch/slc6_amd64_gcc530/lcg/root/6.06.00-ikhhed4/
LD_LIBRARY_PATH=/shome/ytakahas/work/TauTau/SFrameAnalysis/SFrame/lib:/shome/ytakahas/work/TauTau/SFrameAnalysis/SFrame/lib:/mnt/t3nfs01/data01/shome/ytakahas/work/TauTau/CMSSW_8_0_11/biglib/slc6_amd64_gcc530:/mnt/t3nfs01/data01/shome/ytakahas/work/TauTau/CMSSW_8_0_11/lib/slc6_amd64_gcc530:/mnt/t3nfs01/data01/shome/ytakahas/work/TauTau/CMSSW_8_0_11/external/slc6_amd64_gcc530/lib:/cvmfs/cms.cern.ch/slc6_amd64_gcc530/cms/cmssw/CMSSW_8_0_11/biglib/slc6_amd64_gcc530:/cvmfs/cms.cern.ch/slc6_amd64_gcc530/cms/cmssw/CMSSW_8_0_11/lib/slc6_amd64_gcc530:/cvmfs/cms.cern.ch/slc6_amd64_gcc530/cms/cmssw/CMSSW_8_0_11/external/slc6_amd64_gcc530/lib:/cvmfs/cms.cern.ch/slc6_amd64_gcc530/external/llvm/3.7.1-giojec/lib64:/cvmfs/cms.cern.ch/slc6_amd64_gcc530/external/gcc/5.3.0/lib64:/cvmfs/cms.cern.ch/slc6_amd64_gcc530/external/gcc/5.3.0/lib
PYTHONPATH=/shome/ytakahas/work/TauTau/SFrameAnalysis/SFrame/python:/shome/ytakahas/work/TauTau/SFrameAnalysis/SFrame/python:/mnt/t3nfs01/data01/shome/ytakahas/work/TauTau/CMSSW_8_0_11/python:/mnt/t3nfs01/data01/shome/ytakahas/work/TauTau/CMSSW_8_0_11/lib/slc6_amd64_gcc530:/cvmfs/cms.cern.ch/slc6_amd64_gcc530/cms/cmssw/CMSSW_8_0_11/python:/cvmfs/cms.cern.ch/slc6_amd64_gcc530/cms/cmssw/CMSSW_8_0_11/lib/slc6_amd64_gcc530:/cvmfs/cms.cern.ch/slc6_amd64_gcc530/cms/coral/CORAL_2_3_21-ikhhed6/slc6_amd64_gcc530/python:/cvmfs/cms.cern.ch/slc6_amd64_gcc530/cms/coral/CORAL_2_3_21-ikhhed6/slc6_amd64_gcc530/lib:/cvmfs/cms.cern.ch/slc6_amd64_gcc530/external/pyqt/4.8.1-ikhhed/lib/python2.7/site-packages:/cvmfs/cms.cern.ch/slc6_amd64_gcc530/external/python-ldap/2.4.10-ikhhed/lib/python2.7/site-packages:/cvmfs/cms.cern.ch/slc6_amd64_gcc530/external/py2-scipy/0.8.0-giojec/lib/python2.7/site-packages:/cvmfs/cms.cern.ch/slc6_amd64_gcc530/external/py2-pandas/0.17.1-giojec/lib/python2.7/site-packages:/cvmfs/cms.cern.ch/slc6_amd64_gcc530/external/py2-matplotlib/1.2.1-giojec/lib/python2.7/site-packages:/cvmfs/cms.cern.ch/slc6_amd64_gcc530/external/yoda/1.5.5-ikhhed/lib/python2.7/site-packages:/cvmfs/cms.cern.ch/slc6_amd64_gcc530/external/sip/4.11.2-ikhhed/lib/python2.7/site-packages:/cvmfs/cms.cern.ch/slc6_amd64_gcc530/external/llvm/3.7.1-giojec/lib64/python2.7/site-packages:/cvmfs/cms.cern.ch/slc6_amd64_gcc530/external/py2-sqlalchemy/0.8.2-ikhhed/lib/python2.7/site-packages:/cvmfs/cms.cern.ch/slc6_amd64_gcc530/external/py2-pycurl/7.43.0/lib/python2.7/site-packages:/cvmfs/cms.cern.ch/slc6_amd64_gcc530/external/py2-pytz/2014.7-ikhhed/lib/python2.7/site-packages:/cvmfs/cms.cern.ch/slc6_amd64_gcc530/external/py2-python-dateutil/1.5-ikhhed/lib/python2.7/site-packages:/cvmfs/cms.cern.ch/slc6_amd64_gcc530/external/py2-numpy/1.9.2-giojec/lib/python2.7/site-packages:/cvmfs/cms.cern.ch/slc6_amd64_gcc530/external/py2-lint/0.25.1-ikhhed/lib/python2.7/site-packages:/cvmfs/cms.cern.ch/slc6_amd64_gcc530/external/py2-ipython/3.1.0-ikhhed/lib/python2.7/site-packages:/cvmfs/cms.cern.ch/slc6_amd64_gcc530/external/py2-dxr/1.0-giojec/lib/python2.7/site-packages:/cvmfs/cms.cern.ch/slc6_amd64_gcc530/external/py2-cx-oracle/5.1-ikhhed/lib/python2.7/site-packages:/cvmfs/cms.cern.ch/slc6_amd64_gcc530/external/py2-cjson/1.0.5-ikhhed/lib/python2.7/site-packages:/cvmfs/cms.cern.ch/slc6_amd64_gcc530/external/frontier_client/2.8.19-ikhhed/python/lib:/cvmfs/cms.cern.ch/slc6_amd64_gcc530/cms/das_client/v02.05.00-ikhhed/bin:/cvmfs/cms.cern.ch/slc6_amd64_gcc530/external/cython/0.22-ikhhed/lib/python2.7/site-packages:/cvmfs/cms.cern.ch/slc6_amd64_gcc530/external/rivet/2.4.0-giojec/lib/python2.7/site-packages:/cvmfs/cms.cern.ch/slc6_amd64_gcc530/lcg/root/6.06.00-ikhhed4/lib:/cvmfs/cms.cern.ch/slc6_amd64_gcc530/external/pyminuit2/0.0.1-ikhhed4/lib/python2.7/site-packages:/cvmfs/cms.cern.ch/slc6_amd64_gcc530/external/py2-six/1.9.0-ikhhed/lib/python2.7/site-packages:/cvmfs/cms.cern.ch/slc6_amd64_gcc530/external/py2-schema/0.3.1-ikhhed/lib/python2.7/site-packages:/cvmfs/cms.cern.ch/slc6_amd64_gcc530/external/py2-requests/2.5.1-ikhhed/lib/python2.7/site-packages:/cvmfs/cms.cern.ch/slc6_amd64_gcc530/external/py2-PyYAML/3.11-ikhhed/lib/python2.7/site-packages:/cvmfs/cms.cern.ch/slc6_amd64_gcc530/external/py2-pyparsing/2.0.3-ikhhed/lib/python2.7/site-packages:/cvmfs/cms.cern.ch/slc6_amd64_gcc530/external/py2-pygithub/1.23.0-ikhhed/lib/python2.7/site-packages:/cvmfs/cms.cern.ch/slc6_amd64_gcc530/external/py2-prettytable/0.7.2-ikhhed/lib/python2.7/site-packages:/cvmfs/cms.cern.ch/slc6_amd64_gcc530/external/py2-networkx/1.8.1-giojec/lib/python2.7/site-packages:/cvmfs/cms.cern.ch/slc6_amd64_gcc530/external/py2-pysqlite/2.8.1-ikhhed/lib/python2.7/site-packages:/cvmfs/cms.cern.ch/slc6_amd64_gcc530/external/py2-pygments/1.6-ikhhed/lib/python2.7/site-packages:/cvmfs/cms.cern.ch/slc6_amd64_gcc530/external/py2-parsimonious/0.6.1-ikhhed/lib/python2.7/site-packages:/cvmfs/cms.cern.ch/slc6_amd64_gcc530/external/py2-ordereddict/1.1-ikhhed/lib/python2.7/site-packages:/cvmfs/cms.cern.ch/slc6_amd64_gcc530/external/py2-markupsafe/0.23-ikhhed/lib/python2.7/site-packages:/cvmfs/cms.cern.ch/slc6_amd64_gcc530/external/py2-jinja/2.7.2-ikhhed/lib/python2.7/site-packages:/cvmfs/cms.cern.ch/slc6_amd64_gcc530/external/py2-futures/2.2.0-ikhhed/lib/python2.7/site-packages:/cvmfs/cms.cern.ch/slc6_amd64_gcc530/external/py2-docopt/0.6.2-ikhhed/lib/python2.7/site-packages:/cvmfs/cms.cern.ch/slc6_amd64_gcc530/external/py2-dablooms/0.9.1-ikhhed/lib/python2.7/site-packages:/cvmfs/cms.cern.ch/slc6_amd64_gcc530/external/professor/1.4.0-ikhhed4/lib/python2.7/site-packages:/cvmfs/cms.cern.ch/slc6_amd64_gcc530/cms/dbs-client/DBS_2_1_9-ikhhed/lib:/cvmfs/cms.cern.ch/slc6_amd64_gcc530/cms/dbs-client/DBS_2_1_9-ikhhed/lib/DBSAPI:/cvmfs/cms.cern.ch/slc6_amd64_gcc530/external/cvs2git/5419-ikhhed/lib
SFRAME_DIR=/shome/ytakahas/work/TauTau/SFrameAnalysis/SFrame
SFRAME_BIN_PATH=/shome/ytakahas/work/TauTau/SFrameAnalysis/SFrame/bin
SFRAME_LIB_PATH=/shome/ytakahas/work/TauTau/SFrameAnalysis/SFrame/lib
PAR_PATH=./:/shome/ytakahas/work/TauTau/SFrameAnalysis/SFrame/lib
_=/bin/env
Using SFrame in /shome/ytakahas/work/TauTau/SFrameAnalysis/SFrame
##################################################
<?xml version="1.0" encoding="UTF-8"?>
<!DOCTYPE JobConfiguration PUBLIC "" "/shome/ytakahas/work/TauTau/SFrameAnalysis/SFrame/user/config/JobConfig.dtd">
<JobConfiguration JobName="test" OutputLevel="INFO">
  <Library Name="libNtupleVariables" />
  <Library Name="libGoodRunsLists" />
  <Library Name="libPileupReweightingTool" />
  <Library Name="libBTaggingTools" />
  <Library Name="libVHTausResonances" />
  <Library Name="libSVFit" />
  <Library Name="libScaleFactorTool" />

  <Package Name="SFrameCore.par" />
  <Package Name="NtupleVariables.par" />
  <Package Name="GoodRunsLists.par" />
  <Package Name="PileupReweightingTool.par" />
  <Package Name="BTaggingTools.par" />
  <Package Name="VHTausResonances.par" />
  <Package Name="SVFit.par" />
  <Package Name="ScaleFactorTool.par" />

  <Cycle Name="TauTauAnalysis" RunMode="LOCAL" UseTreeCache="True" TreeCacheSize="30000000" TreeCacheLearnEntries="10" ProofServer="lite" ProofWorkDir="" OutputDirectory="./" PostFix="" TargetLumi="0.166666666667">
    <InputData Lumi="0.0" Type="SUSYGluGluToHToTauTau_M-160" Version="SUSYGluGluToHToTauTau_M-160_TuneCUETP8M1_13TeV-pythia8" NEventsMax="-1" NEventsSkip="0" SkipValid="True" >
      <In FileName="dcap://t3se01.psi.ch:22125//pnfs/psi.ch/cms/trivcat/store/user/ytakahas/Ntuple_SUSY/SUSYGluGluToHToTauTau_M-160_TuneCUETP8M1_13TeV-pythia8/SUSYGluGluToHToTauTau_M-160_TuneCUETP8M1_13TeV-pythia8_v0/160818_162010/0000/flatTuple_6.root" Lumi="1.0" />
      <InputTree Name="ntuplizer/tree" />
      <OutputTree Name="tree" />
    </InputData>

    <UserConfig>
      <Item Name="IsData" Value="false" />
      <Item Name="IsSignal" Value="true" />
      <Item Name="RecoTreeName" Value="tree" />
      <Item Name="OutputTreeName_eletau" Value="tree_eletau" />
      <Item Name="OutputTreeName_mutau" Value="tree_mutau" />
      <Item Name="JetPtCut" Value="120." />

    </UserConfig>
  </Cycle>
</JobConfiguration>
##################################################
Wed Aug 24 14:41:29 CEST 2016
 ( INFO  )  SCycleController   : Initializing
 ( INFO  )  SCycleController   : Deleting all analysis cycle algorithms from memory
 ( INFO  )  SCycleController   : Reading xml file: 'TauTauAnalysis.SUSYGluGluToHToTauTau_M-160.SUSYGluGluToHToTauTau_M-160_TuneCUETP8M1_13TeV-pythia8subjob6.xml'
 ( ERROR )  SCycleController   : src/SCycleController.cxx:293 (virtual void SCycleController::Initialize()): Exception caught while processing node: Cycle
 ( ERROR )  SCycleController   : src/SCycleController.cxx:294 (virtual void SCycleController::Initialize()): Message: Loading of class "TauTauAnalysis" failed
 ( ERROR )  SCycleController   : src/SCycleController.cxx:295 (virtual void SCycleController::Initialize()): --> Skipping cycle!
 ( INFO  )  SCycleController   : Job 'test' configured
 ( INFO  )  SCycleController   : Time needed for initialisation:   0.13 s
 ( INFO  )  SCycleController   : Entering ExecuteAllCycles()
	Command being timed: "sframe_main TauTauAnalysis.SUSYGluGluToHToTauTau_M-160.SUSYGluGluToHToTauTau_M-160_TuneCUETP8M1_13TeV-pythia8subjob6.xml"
	User time (seconds): 0.55
	System time (seconds): 0.24
	Percent of CPU this job got: 75%
	Elapsed (wall clock) time (h:mm:ss or m:ss): 0:01.05
	Average shared text size (kbytes): 0
	Average unshared data size (kbytes): 0
	Average stack size (kbytes): 0
	Average total size (kbytes): 0
	Maximum resident set size (kbytes): 432192
	Average resident set size (kbytes): 0
	Major (requiring I/O) page faults: 1591
	Minor (reclaiming a frame) page faults: 39114
	Voluntary context switches: 6285
	Involuntary context switches: 298
	Swaps: 0
	File system inputs: 355640
	File system outputs: 16
	Socket messages sent: 0
	Socket messages received: 0
	Signals delivered: 0
	Page size (bytes): 4096
	Exit status: 0
Wed Aug 24 14:41:30 CEST 2016
##################################################
/scratch/tmpdir-3293586.1.all.q
total 4.0K
-rw-r--r-- 1 ytakahas uniz-higgs 1.9K Aug 24 14:41 TauTauAnalysis.SUSYGluGluToHToTauTau_M-160.SUSYGluGluToHToTauTau_M-160_TuneCUETP8M1_13TeV-pythia8subjob6.xml
##################################################
cp -f TauTauAnalysis.SUSYGluGluToHToTauTau_M-160.SUSYGluGluToHToTauTau_M-160_TuneCUETP8M1_13TeV-pythia8.root /shome/ytakahas/work/TauTau/SFrameAnalysis/SFrame/../AnalysisTemp/sframe_flLKtk/TauTauAnalysis.SUSYGluGluToHToTauTau_M-160.SUSYGluGluToHToTauTau_M-160_TuneCUETP8M1_13TeV-pythia8subjob6.root
cp: cannot stat `TauTauAnalysis.SUSYGluGluToHToTauTau_M-160.SUSYGluGluToHToTauTau_M-160_TuneCUETP8M1_13TeV-pythia8.root': No such file or directory
# ================================================================
# JOB Live Resources USAGE for job 3293586: ( don't consider mem values, they are wrong )
# usage    1:                 cpu=00:00:00, mem=0.00000 GBs, io=0.00000, vmem=N/A, maxvmem=N/A
# 
# JOB Historical Resources USAGE for job 3293586: you have to manually run
# qacct -j 3293586 2&> /dev/null || qacct -f /gridware/sge/default/common/accounting.complete -j 3293586
# 
# JOB ran over queue@host = all.q@t3wn54.psi.ch
# 
# JOBs executed on t3wn[30-40] should run ~1.13 faster than t3wn[10-29]
#
# removing TMPDIR: /scratch/tmpdir-3293586.1.all.q
