Sun Aug 28 10:04:21 CEST 2016
t3wn53.psi.ch
Linux t3wn53.psi.ch 2.6.32-642.el6.x86_64 #1 SMP Tue May 10 15:13:20 CDT 2016 x86_64 x86_64 x86_64 GNU/Linux
Filesystem            Size  Used Avail Use% Mounted on
/dev/md1               20G  6.4G   12G  36% /
tmpfs                  63G   12K   63G   1% /dev/shm
/dev/md0              2.9G  112M  2.6G   5% /boot
/dev/md10              98G   59G   39G  61% /cvmfs_local
/dev/md11              98G   33M   98G   1% /fs_cache
/dev/md5               20G  872M   18G   5% /opt
/dev/md6              1.3T  990G  327G  76% /scratch
/dev/md3              9.5G   23M  9.0G   1% /tmp
/dev/md2              9.5G  874M  8.2G  10% /var
/dev/md7               20G  337M   18G   2% /var/cache/openafs
/dev/md8               39G  473M   36G   2% /var/log
/dev/md9              1.9G   32M  1.8G   2% /var/log/audit
t3nfs01:/zfs/data01/swshare
                      3.1T  345G  2.8T  11% /mnt/t3nfs01/data01/swshare
t3nfs01:/zfs/data01/shome
                      2.8T  1.0M  2.8T   1% /mnt/t3nfs01/data01/shome
t3dcachedb03:/pnfs/psi.ch/cms
                      1.0E  415T  1.0E   1% /pnfs/psi.ch/cms
AFS                   2.0T     0  2.0T   0% /afs
t3nfs02:/zfs/data01/t3nfs01_data01/swshare
                      5.6T  273G  5.4T   5% /mnt/t3nfs02/data01/swshare
t3nfs02:/zfs/data01/t3nfs01_data01/shome
                      5.4T     0  5.4T   0% /mnt/t3nfs02/data01/shome
Setting up environment for compiling/running SFrame
/shome/ytakahas/work/TauTau/SFrameAnalysis/SFrame/python:/shome/ytakahas/work/TauTau/SFrameAnalysis/SFrame/python:/mnt/t3nfs01/data01/shome/ytakahas/work/TauTau/CMSSW_8_0_11/python:/mnt/t3nfs01/data01/shome/ytakahas/work/TauTau/CMSSW_8_0_11/lib/slc6_amd64_gcc530:/cvmfs/cms.cern.ch/slc6_amd64_gcc530/cms/cmssw/CMSSW_8_0_11/python:/cvmfs/cms.cern.ch/slc6_amd64_gcc530/cms/cmssw/CMSSW_8_0_11/lib/slc6_amd64_gcc530:/cvmfs/cms.cern.ch/slc6_amd64_gcc530/cms/coral/CORAL_2_3_21-ikhhed6/slc6_amd64_gcc530/python:/cvmfs/cms.cern.ch/slc6_amd64_gcc530/cms/coral/CORAL_2_3_21-ikhhed6/slc6_amd64_gcc530/lib:/cvmfs/cms.cern.ch/slc6_amd64_gcc530/external/pyqt/4.8.1-ikhhed/lib/python2.7/site-packages:/cvmfs/cms.cern.ch/slc6_amd64_gcc530/external/python-ldap/2.4.10-ikhhed/lib/python2.7/site-packages:/cvmfs/cms.cern.ch/slc6_amd64_gcc530/external/py2-scipy/0.8.0-giojec/lib/python2.7/site-packages:/cvmfs/cms.cern.ch/slc6_amd64_gcc530/external/py2-pandas/0.17.1-giojec/lib/python2.7/site-packages:/cvmfs/cms.cern.ch/slc6_amd64_gcc530/external/py2-matplotlib/1.2.1-giojec/lib/python2.7/site-packages:/cvmfs/cms.cern.ch/slc6_amd64_gcc530/external/yoda/1.5.5-ikhhed/lib/python2.7/site-packages:/cvmfs/cms.cern.ch/slc6_amd64_gcc530/external/sip/4.11.2-ikhhed/lib/python2.7/site-packages:/cvmfs/cms.cern.ch/slc6_amd64_gcc530/external/llvm/3.7.1-giojec/lib64/python2.7/site-packages:/cvmfs/cms.cern.ch/slc6_amd64_gcc530/external/py2-sqlalchemy/0.8.2-ikhhed/lib/python2.7/site-packages:/cvmfs/cms.cern.ch/slc6_amd64_gcc530/external/py2-pycurl/7.43.0/lib/python2.7/site-packages:/cvmfs/cms.cern.ch/slc6_amd64_gcc530/external/py2-pytz/2014.7-ikhhed/lib/python2.7/site-packages:/cvmfs/cms.cern.ch/slc6_amd64_gcc530/external/py2-python-dateutil/1.5-ikhhed/lib/python2.7/site-packages:/cvmfs/cms.cern.ch/slc6_amd64_gcc530/external/py2-numpy/1.9.2-giojec/lib/python2.7/site-packages:/cvmfs/cms.cern.ch/slc6_amd64_gcc530/external/py2-lint/0.25.1-ikhhed/lib/python2.7/site-packages:/cvmfs/cms.cern.ch/slc6_amd64_gcc530/external/py2-ipython/3.1.0-ikhhed/lib/python2.7/site-packages:/cvmfs/cms.cern.ch/slc6_amd64_gcc530/external/py2-dxr/1.0-giojec/lib/python2.7/site-packages:/cvmfs/cms.cern.ch/slc6_amd64_gcc530/external/py2-cx-oracle/5.1-ikhhed/lib/python2.7/site-packages:/cvmfs/cms.cern.ch/slc6_amd64_gcc530/external/py2-cjson/1.0.5-ikhhed/lib/python2.7/site-packages:/cvmfs/cms.cern.ch/slc6_amd64_gcc530/external/frontier_client/2.8.19-ikhhed/python/lib:/cvmfs/cms.cern.ch/slc6_amd64_gcc530/cms/das_client/v02.05.00-ikhhed/bin:/cvmfs/cms.cern.ch/slc6_amd64_gcc530/external/cython/0.22-ikhhed/lib/python2.7/site-packages:/cvmfs/cms.cern.ch/slc6_amd64_gcc530/external/rivet/2.4.0-giojec/lib/python2.7/site-packages:/cvmfs/cms.cern.ch/slc6_amd64_gcc530/lcg/root/6.06.00-ikhhed4/lib:/cvmfs/cms.cern.ch/slc6_amd64_gcc530/external/pyminuit2/0.0.1-ikhhed4/lib/python2.7/site-packages:/cvmfs/cms.cern.ch/slc6_amd64_gcc530/external/py2-six/1.9.0-ikhhed/lib/python2.7/site-packages:/cvmfs/cms.cern.ch/slc6_amd64_gcc530/external/py2-schema/0.3.1-ikhhed/lib/python2.7/site-packages:/cvmfs/cms.cern.ch/slc6_amd64_gcc530/external/py2-requests/2.5.1-ikhhed/lib/python2.7/site-packages:/cvmfs/cms.cern.ch/slc6_amd64_gcc530/external/py2-PyYAML/3.11-ikhhed/lib/python2.7/site-packages:/cvmfs/cms.cern.ch/slc6_amd64_gcc530/external/py2-pyparsing/2.0.3-ikhhed/lib/python2.7/site-packages:/cvmfs/cms.cern.ch/slc6_amd64_gcc530/external/py2-pygithub/1.23.0-ikhhed/lib/python2.7/site-packages:/cvmfs/cms.cern.ch/slc6_amd64_gcc530/external/py2-prettytable/0.7.2-ikhhed/lib/python2.7/site-packages:/cvmfs/cms.cern.ch/slc6_amd64_gcc530/external/py2-networkx/1.8.1-giojec/lib/python2.7/site-packages:/cvmfs/cms.cern.ch/slc6_amd64_gcc530/external/py2-pysqlite/2.8.1-ikhhed/lib/python2.7/site-packages:/cvmfs/cms.cern.ch/slc6_amd64_gcc530/external/py2-pygments/1.6-ikhhed/lib/python2.7/site-packages:/cvmfs/cms.cern.ch/slc6_amd64_gcc530/external/py2-parsimonious/0.6.1-ikhhed/lib/python2.7/site-packages:/cvmfs/cms.cern.ch/slc6_amd64_gcc530/external/py2-ordereddict/1.1-ikhhed/lib/python2.7/site-packages:/cvmfs/cms.cern.ch/slc6_amd64_gcc530/external/py2-markupsafe/0.23-ikhhed/lib/python2.7/site-packages:/cvmfs/cms.cern.ch/slc6_amd64_gcc530/external/py2-jinja/2.7.2-ikhhed/lib/python2.7/site-packages:/cvmfs/cms.cern.ch/slc6_amd64_gcc530/external/py2-futures/2.2.0-ikhhed/lib/python2.7/site-packages:/cvmfs/cms.cern.ch/slc6_amd64_gcc530/external/py2-docopt/0.6.2-ikhhed/lib/python2.7/site-packages:/cvmfs/cms.cern.ch/slc6_amd64_gcc530/external/py2-dablooms/0.9.1-ikhhed/lib/python2.7/site-packages:/cvmfs/cms.cern.ch/slc6_amd64_gcc530/external/professor/1.4.0-ikhhed4/lib/python2.7/site-packages:/cvmfs/cms.cern.ch/slc6_amd64_gcc530/cms/dbs-client/DBS_2_1_9-ikhhed/lib:/cvmfs/cms.cern.ch/slc6_amd64_gcc530/cms/dbs-client/DBS_2_1_9-ikhhed/lib/DBSAPI:/cvmfs/cms.cern.ch/slc6_amd64_gcc530/external/cvs2git/5419-ikhhed/lib
MANPATH=/opt/glite/share/man::
GLITE_SD_PLUGIN=file,bdii
HOSTNAME=t3wn53.psi.ch
SGE_TASK_STEPSIZE=undefined
GRID_ENV_LOCATION=/usr/libexec
SHELL=/bin/zsh
TERM=linux
VOMS_USERCONF=/etc/vomses
NHOSTS=1
SGE_O_WORKDIR=/mnt/t3nfs01/data01/shome/ytakahas/work/TauTau/SFrameAnalysis/AnalysisTemp/sframe_xk5gwa
TMPDIR=/scratch/tmpdir-3323806.1.all.q
SGE_O_HOME=/shome/ytakahas
DPM_HOST=my-dpm.psi.ch
GT_PROXY_MODE=old
SGE_ARCH=lx24-amd64
SGE_CELL=default
X509_CERT_DIR=/etc/grid-security/certificates
RESTARTED=0
ARC=lx24-amd64
USER=ytakahas
LCG_LOCATION=/usr
VO_CMS_SW_DIR=/cvmfs/cms.cern.ch
SGE_TASK_LAST=undefined
QUEUE=all.q
SGE_TASK_ID=undefined
SGE_BINARY_PATH=/gridware/sge/bin/lx24-amd64
PATH=/shome/ytakahas/work/TauTau/SFrameAnalysis/SFrame/bin:/shome/ytakahas/work/TauTau/SFrameAnalysis/SFrame/bin:/cvmfs/cms.cern.ch/share/overrides/bin:/mnt/t3nfs01/data01/shome/ytakahas/work/TauTau/CMSSW_8_0_11/bin/slc6_amd64_gcc530:/mnt/t3nfs01/data01/shome/ytakahas/work/TauTau/CMSSW_8_0_11/external/slc6_amd64_gcc530/bin:/cvmfs/cms.cern.ch/slc6_amd64_gcc530/cms/cmssw/CMSSW_8_0_11/bin/slc6_amd64_gcc530:/cvmfs/cms.cern.ch/slc6_amd64_gcc530/cms/cmssw/CMSSW_8_0_11/external/slc6_amd64_gcc530/bin:/cvmfs/cms.cern.ch/slc6_amd64_gcc530/external/llvm/3.7.1-giojec/bin:/cvmfs/cms.cern.ch/slc6_amd64_gcc530/external/gcc/5.3.0/bin:/cvmfs/cms.cern.ch/common:/cvmfs/cms.cern.ch/bin:/bin:/gridware/sge/bin/lx24-amd64:/usr/lib64/qt-3.3/bin:/usr/local/bin:/usr/bin:/usr/local/sbin:/usr/sbin:/sbin:/mnt/t3nfs01/data01/swshare/psit3/bin:/shome/ytakahas/bin
DPNS_HOST=my-dpm.psi.ch
runlevel=3
RUNLEVEL=3
VO_CMS_DEFAULT_SE=t3se01.psi.ch
SGE_STDERR_PATH=/shome/ytakahas/work/TauTau/SFrameAnalysis/SFrame/../AnalysisTemp/sframe_Ebmshi/TauTauAnalysis.SUSYGluGluToHToTauTau_M-160.SUSYGluGluToHToTauTau_M-160_TuneCUETP8M1_13TeV-pythia8subjob5.log
LANGSH_SOURCED=1
PWD=/shome/ytakahas/work/TauTau/SFrameAnalysis/SFrame
SGE_STDOUT_PATH=/shome/ytakahas/work/TauTau/SFrameAnalysis/SFrame/../AnalysisTemp/sframe_Ebmshi/TauTauAnalysis.SUSYGluGluToHToTauTau_M-160.SUSYGluGluToHToTauTau_M-160_TuneCUETP8M1_13TeV-pythia8subjob5.log
SGE_ACCOUNT=sge
SGE_EXECD_PORT=6445
LANG=en_US.UTF-8
JOB_SCRIPT=/gridware/sge/default/spool/t3wn53/job_scripts/3323806
JOB_NAME=SUSYGluGluToHToTauTau_M-160SUSYGluGluToHToTauTau_M-160_TuneCUETP8M1_13TeV-pythia8subjob5
SGE_QMASTER_PORT=6444
X509_VOMS_DIR=/etc/grid-security/vomsdir
SGE_ROOT=/gridware/sge
BDII_LIST=lcg-bdii.cern.ch:2170
previous=N
PREVLEVEL=N
MYPROXY_SERVER=myproxy.cern.ch
REQNAME=SUSYGluGluToHToTauTau_M-160SUSYGluGluToHToTauTau_M-160_TuneCUETP8M1_13TeV-pythia8subjob5
SGE_JOB_SPOOL_DIR=/gridware/sge/default/spool/t3wn53/active_jobs/3323806.1
ENVIRONMENT=BATCH
CONSOLETYPE=serial
GLITE_SD_SERVICES_XML=/usr/etc/services.xml
GLITE_LOCATION_VAR=/var
HOME=/shome/ytakahas
SHLVL=3
GLOBUS_TCP_PORT_RANGE=20000,25000
SGE_CWD_PATH=/shome/ytakahas
NQUEUES=1
X509_USER_PROXY=/mnt/t3nfs01/data01/shome/ytakahas/.x509up_u639
SGE_O_LOGNAME=ytakahas
SGE_O_MAIL=/var/spool/mail/ytakahas
UPSTART_INSTANCE=
LCG_GFAL_INFOSYS=bdii-fzk.gridka.de:2170
TMP=/scratch/tmpdir-3323806.1.all.q
JOB_ID=3323806
LOGNAME=ytakahas
UPSTART_EVENTS=runlevel
SGE_STARTER_SHELL_START_MODE=posix_compliant
SGE_STARTER_SHELL_PATH=/bin/zsh
SGE_TASK_FIRST=undefined
SGE_O_PATH=/shome/ytakahas/work/TauTau/SFrameAnalysis/SFrame/bin:/cvmfs/cms.cern.ch/share/overrides/bin:/mnt/t3nfs01/data01/shome/ytakahas/work/TauTau/CMSSW_8_0_11/bin/slc6_amd64_gcc530:/mnt/t3nfs01/data01/shome/ytakahas/work/TauTau/CMSSW_8_0_11/external/slc6_amd64_gcc530/bin:/cvmfs/cms.cern.ch/slc6_amd64_gcc530/cms/cmssw/CMSSW_8_0_11/bin/slc6_amd64_gcc530:/cvmfs/cms.cern.ch/slc6_amd64_gcc530/cms/cmssw/CMSSW_8_0_11/external/slc6_amd64_gcc530/bin:/cvmfs/cms.cern.ch/slc6_amd64_gcc530/external/llvm/3.7.1-giojec/bin:/cvmfs/cms.cern.ch/slc6_amd64_gcc530/external/gcc/5.3.0/bin:/cvmfs/cms.cern.ch/common:/cvmfs/cms.cern.ch/bin:/bin:/gridware/sge/bin/lx24-amd64:/usr/lib64/qt-3.3/bin:/usr/local/bin:/usr/bin:/usr/local/sbin:/usr/sbin:/sbin:/mnt/t3nfs01/data01/swshare/psit3/bin:/shome/ytakahas/bin
UPSTART_JOB=rc
SGE_O_HOST=t3ui12
SGE_O_SHELL=/bin/bash
GLITE_LOCATION=/usr
REQUEST=SUSYGluGluToHToTauTau_M-160SUSYGluGluToHToTauTau_M-160_TuneCUETP8M1_13TeV-pythia8subjob5
NSLOTS=1
SRM_PATH=/usr/share/srm
SGE_STDIN_PATH=/dev/null
OLDPWD=/shome/ytakahas/work/TauTau/SFrameAnalysis
ROOTSYS=/cvmfs/cms.cern.ch/slc6_amd64_gcc530/lcg/root/6.06.00-ikhhed4/
LD_LIBRARY_PATH=/shome/ytakahas/work/TauTau/SFrameAnalysis/SFrame/lib:/shome/ytakahas/work/TauTau/SFrameAnalysis/SFrame/lib:/mnt/t3nfs01/data01/shome/ytakahas/work/TauTau/CMSSW_8_0_11/biglib/slc6_amd64_gcc530:/mnt/t3nfs01/data01/shome/ytakahas/work/TauTau/CMSSW_8_0_11/lib/slc6_amd64_gcc530:/mnt/t3nfs01/data01/shome/ytakahas/work/TauTau/CMSSW_8_0_11/external/slc6_amd64_gcc530/lib:/cvmfs/cms.cern.ch/slc6_amd64_gcc530/cms/cmssw/CMSSW_8_0_11/biglib/slc6_amd64_gcc530:/cvmfs/cms.cern.ch/slc6_amd64_gcc530/cms/cmssw/CMSSW_8_0_11/lib/slc6_amd64_gcc530:/cvmfs/cms.cern.ch/slc6_amd64_gcc530/cms/cmssw/CMSSW_8_0_11/external/slc6_amd64_gcc530/lib:/cvmfs/cms.cern.ch/slc6_amd64_gcc530/external/llvm/3.7.1-giojec/lib64:/cvmfs/cms.cern.ch/slc6_amd64_gcc530/external/gcc/5.3.0/lib64:/cvmfs/cms.cern.ch/slc6_amd64_gcc530/external/gcc/5.3.0/lib
PYTHONPATH=/shome/ytakahas/work/TauTau/SFrameAnalysis/SFrame/python:/shome/ytakahas/work/TauTau/SFrameAnalysis/SFrame/python:/mnt/t3nfs01/data01/shome/ytakahas/work/TauTau/CMSSW_8_0_11/python:/mnt/t3nfs01/data01/shome/ytakahas/work/TauTau/CMSSW_8_0_11/lib/slc6_amd64_gcc530:/cvmfs/cms.cern.ch/slc6_amd64_gcc530/cms/cmssw/CMSSW_8_0_11/python:/cvmfs/cms.cern.ch/slc6_amd64_gcc530/cms/cmssw/CMSSW_8_0_11/lib/slc6_amd64_gcc530:/cvmfs/cms.cern.ch/slc6_amd64_gcc530/cms/coral/CORAL_2_3_21-ikhhed6/slc6_amd64_gcc530/python:/cvmfs/cms.cern.ch/slc6_amd64_gcc530/cms/coral/CORAL_2_3_21-ikhhed6/slc6_amd64_gcc530/lib:/cvmfs/cms.cern.ch/slc6_amd64_gcc530/external/pyqt/4.8.1-ikhhed/lib/python2.7/site-packages:/cvmfs/cms.cern.ch/slc6_amd64_gcc530/external/python-ldap/2.4.10-ikhhed/lib/python2.7/site-packages:/cvmfs/cms.cern.ch/slc6_amd64_gcc530/external/py2-scipy/0.8.0-giojec/lib/python2.7/site-packages:/cvmfs/cms.cern.ch/slc6_amd64_gcc530/external/py2-pandas/0.17.1-giojec/lib/python2.7/site-packages:/cvmfs/cms.cern.ch/slc6_amd64_gcc530/external/py2-matplotlib/1.2.1-giojec/lib/python2.7/site-packages:/cvmfs/cms.cern.ch/slc6_amd64_gcc530/external/yoda/1.5.5-ikhhed/lib/python2.7/site-packages:/cvmfs/cms.cern.ch/slc6_amd64_gcc530/external/sip/4.11.2-ikhhed/lib/python2.7/site-packages:/cvmfs/cms.cern.ch/slc6_amd64_gcc530/external/llvm/3.7.1-giojec/lib64/python2.7/site-packages:/cvmfs/cms.cern.ch/slc6_amd64_gcc530/external/py2-sqlalchemy/0.8.2-ikhhed/lib/python2.7/site-packages:/cvmfs/cms.cern.ch/slc6_amd64_gcc530/external/py2-pycurl/7.43.0/lib/python2.7/site-packages:/cvmfs/cms.cern.ch/slc6_amd64_gcc530/external/py2-pytz/2014.7-ikhhed/lib/python2.7/site-packages:/cvmfs/cms.cern.ch/slc6_amd64_gcc530/external/py2-python-dateutil/1.5-ikhhed/lib/python2.7/site-packages:/cvmfs/cms.cern.ch/slc6_amd64_gcc530/external/py2-numpy/1.9.2-giojec/lib/python2.7/site-packages:/cvmfs/cms.cern.ch/slc6_amd64_gcc530/external/py2-lint/0.25.1-ikhhed/lib/python2.7/site-packages:/cvmfs/cms.cern.ch/slc6_amd64_gcc530/external/py2-ipython/3.1.0-ikhhed/lib/python2.7/site-packages:/cvmfs/cms.cern.ch/slc6_amd64_gcc530/external/py2-dxr/1.0-giojec/lib/python2.7/site-packages:/cvmfs/cms.cern.ch/slc6_amd64_gcc530/external/py2-cx-oracle/5.1-ikhhed/lib/python2.7/site-packages:/cvmfs/cms.cern.ch/slc6_amd64_gcc530/external/py2-cjson/1.0.5-ikhhed/lib/python2.7/site-packages:/cvmfs/cms.cern.ch/slc6_amd64_gcc530/external/frontier_client/2.8.19-ikhhed/python/lib:/cvmfs/cms.cern.ch/slc6_amd64_gcc530/cms/das_client/v02.05.00-ikhhed/bin:/cvmfs/cms.cern.ch/slc6_amd64_gcc530/external/cython/0.22-ikhhed/lib/python2.7/site-packages:/cvmfs/cms.cern.ch/slc6_amd64_gcc530/external/rivet/2.4.0-giojec/lib/python2.7/site-packages:/cvmfs/cms.cern.ch/slc6_amd64_gcc530/lcg/root/6.06.00-ikhhed4/lib:/cvmfs/cms.cern.ch/slc6_amd64_gcc530/external/pyminuit2/0.0.1-ikhhed4/lib/python2.7/site-packages:/cvmfs/cms.cern.ch/slc6_amd64_gcc530/external/py2-six/1.9.0-ikhhed/lib/python2.7/site-packages:/cvmfs/cms.cern.ch/slc6_amd64_gcc530/external/py2-schema/0.3.1-ikhhed/lib/python2.7/site-packages:/cvmfs/cms.cern.ch/slc6_amd64_gcc530/external/py2-requests/2.5.1-ikhhed/lib/python2.7/site-packages:/cvmfs/cms.cern.ch/slc6_amd64_gcc530/external/py2-PyYAML/3.11-ikhhed/lib/python2.7/site-packages:/cvmfs/cms.cern.ch/slc6_amd64_gcc530/external/py2-pyparsing/2.0.3-ikhhed/lib/python2.7/site-packages:/cvmfs/cms.cern.ch/slc6_amd64_gcc530/external/py2-pygithub/1.23.0-ikhhed/lib/python2.7/site-packages:/cvmfs/cms.cern.ch/slc6_amd64_gcc530/external/py2-prettytable/0.7.2-ikhhed/lib/python2.7/site-packages:/cvmfs/cms.cern.ch/slc6_amd64_gcc530/external/py2-networkx/1.8.1-giojec/lib/python2.7/site-packages:/cvmfs/cms.cern.ch/slc6_amd64_gcc530/external/py2-pysqlite/2.8.1-ikhhed/lib/python2.7/site-packages:/cvmfs/cms.cern.ch/slc6_amd64_gcc530/external/py2-pygments/1.6-ikhhed/lib/python2.7/site-packages:/cvmfs/cms.cern.ch/slc6_amd64_gcc530/external/py2-parsimonious/0.6.1-ikhhed/lib/python2.7/site-packages:/cvmfs/cms.cern.ch/slc6_amd64_gcc530/external/py2-ordereddict/1.1-ikhhed/lib/python2.7/site-packages:/cvmfs/cms.cern.ch/slc6_amd64_gcc530/external/py2-markupsafe/0.23-ikhhed/lib/python2.7/site-packages:/cvmfs/cms.cern.ch/slc6_amd64_gcc530/external/py2-jinja/2.7.2-ikhhed/lib/python2.7/site-packages:/cvmfs/cms.cern.ch/slc6_amd64_gcc530/external/py2-futures/2.2.0-ikhhed/lib/python2.7/site-packages:/cvmfs/cms.cern.ch/slc6_amd64_gcc530/external/py2-docopt/0.6.2-ikhhed/lib/python2.7/site-packages:/cvmfs/cms.cern.ch/slc6_amd64_gcc530/external/py2-dablooms/0.9.1-ikhhed/lib/python2.7/site-packages:/cvmfs/cms.cern.ch/slc6_amd64_gcc530/external/professor/1.4.0-ikhhed4/lib/python2.7/site-packages:/cvmfs/cms.cern.ch/slc6_amd64_gcc530/cms/dbs-client/DBS_2_1_9-ikhhed/lib:/cvmfs/cms.cern.ch/slc6_amd64_gcc530/cms/dbs-client/DBS_2_1_9-ikhhed/lib/DBSAPI:/cvmfs/cms.cern.ch/slc6_amd64_gcc530/external/cvs2git/5419-ikhhed/lib
SFRAME_DIR=/shome/ytakahas/work/TauTau/SFrameAnalysis/SFrame
SFRAME_BIN_PATH=/shome/ytakahas/work/TauTau/SFrameAnalysis/SFrame/bin
SFRAME_LIB_PATH=/shome/ytakahas/work/TauTau/SFrameAnalysis/SFrame/lib
PAR_PATH=./:/shome/ytakahas/work/TauTau/SFrameAnalysis/SFrame/lib
_=/bin/env
Using SFrame in /shome/ytakahas/work/TauTau/SFrameAnalysis/SFrame
##################################################
<?xml version="1.0" encoding="UTF-8"?>
<!DOCTYPE JobConfiguration PUBLIC "" "/shome/ytakahas/work/TauTau/SFrameAnalysis/SFrame/user/config/JobConfig.dtd">
<JobConfiguration JobName="test_v3" OutputLevel="INFO">
  <Library Name="libNtupleVariables" />
  <Library Name="libGoodRunsLists" />
  <Library Name="libPileupReweightingTool" />
  <Library Name="libBTaggingTools" />
  <Library Name="libTauTauResonances" />
  <Library Name="libScaleFactorTool" />

  <Package Name="SFrameCore.par" />
  <Package Name="NtupleVariables.par" />
  <Package Name="GoodRunsLists.par" />
  <Package Name="PileupReweightingTool.par" />
  <Package Name="BTaggingTools.par" />
  <Package Name="TauTauResonances.par" />
  <Package Name="ScaleFactorTool.par" />

  <Cycle Name="TauTauAnalysis" RunMode="LOCAL" UseTreeCache="True" TreeCacheSize="30000000" TreeCacheLearnEntries="10" ProofServer="lite" ProofWorkDir="" OutputDirectory="./" PostFix="" TargetLumi="0.166666666667">
    <InputData Lumi="0.0" Type="SUSYGluGluToHToTauTau_M-160" Version="SUSYGluGluToHToTauTau_M-160_TuneCUETP8M1_13TeV-pythia8" NEventsMax="-1" NEventsSkip="0" SkipValid="True" >
      <In FileName="dcap://t3se01.psi.ch:22125//pnfs/psi.ch/cms/trivcat/store/user/ytakahas/Ntuple_SUSY/SUSYGluGluToHToTauTau_M-160_TuneCUETP8M1_13TeV-pythia8/SUSYGluGluToHToTauTau_M-160_TuneCUETP8M1_13TeV-pythia8_v0/160818_162010/0000/flatTuple_5.root" Lumi="1.0" />
      <InputTree Name="ntuplizer/tree" />
      <OutputTree Name="tree" />
    </InputData>

    <UserConfig>
      <Item Name="IsData" Value="false" />
      <Item Name="IsSignal" Value="true" />
      <Item Name="RecoTreeName" Value="tree" />

    </UserConfig>
  </Cycle>
</JobConfiguration>
##################################################
Sun Aug 28 10:04:22 CEST 2016
 ( INFO  )  SCycleController   : Initializing
 ( INFO  )  SCycleController   : Deleting all analysis cycle algorithms from memory
 ( INFO  )  SCycleController   : Reading xml file: 'TauTauAnalysis.SUSYGluGluToHToTauTau_M-160.SUSYGluGluToHToTauTau_M-160_TuneCUETP8M1_13TeV-pythia8subjob5.xml'
 ( INFO  )  SCycleBaseExec     : Hello!
 ( INFO  )  SCycleController   : Created cycle 'TauTauAnalysis'
 ( INFO  )  TauTauAnalysis     : Initializing from configuration
 ( INFO  )  TauTauAnalysis     : Reading SInputData: SUSYGluGluToHToTauTau_M-160 - SUSYGluGluToHToTauTau_M-160_TuneCUETP8M1_13TeV-pythia8
 ( INFO  )  SCycleConfig       : ===========================================================
 ( INFO  )  SCycleConfig       :                     Cycle configuration
 ( INFO  )  SCycleConfig       :   - Running mode: LOCAL
 ( INFO  )  SCycleConfig       :   - Target luminosity: 0.166667
 ( INFO  )  SCycleConfig       :   - Output directory: ./
 ( INFO  )  SCycleConfig       :   - Post-fix: 
 ( INFO  )  SCycleConfig       :   - Using TTreeCache with size: 30000000
 ( INFO  )  SCycleConfig       :                  learn entries: 10
 ( INFO  )  SInputData         :  ---------------------------------------------------------
 ( INFO  )  SInputData         :  Type               : SUSYGluGluToHToTauTau_M-160
 ( INFO  )  SInputData         :  Version            : SUSYGluGluToHToTauTau_M-160_TuneCUETP8M1_13TeV-pythia8
 ( INFO  )  SInputData         :  Total luminosity   : 1pb-1
 ( INFO  )  SInputData         :  NEventsMax         : -1
 ( INFO  )  SInputData         :  NEventsSkip        : 0
 ( INFO  )  SInputData         :  Cacheable          : No
 ( INFO  )  SInputData         :  Skip validation    : Yes
 ( INFO  )  SInputData         :  Skip file lookup   : No
 ( INFO  )  SInputData         :  Input File         : 'dcap://t3se01.psi.ch:22125//pnfs/psi.ch/cms/trivcat/store/user/ytakahas/Ntuple_SUSY/SUSYGluGluToHToTauTau_M-160_TuneCUETP8M1_13TeV-pythia8/SUSYGluGluToHToTauTau_M-160_TuneCUETP8M1_13TeV-pythia8_v0/160818_162010/0000/flatTuple_5.root' (file) | '1' (lumi)
 ( INFO  )  SInputData         :  Tree               : 'ntuplizer/tree' (name) | 'Flat input tree' (type)
 ( INFO  )  SInputData         :  Tree               : 'tree' (name) | 'Flat output tree' (type)
 ( INFO  )  SInputData         :  ---------------------------------------------------------
 ( INFO  )  SCycleConfig       : ===========================================================
 ( INFO  )  SCycleController   : Job 'test_v3' configured
 ( INFO  )  SCycleController   : Time needed for initialisation:   0.24 s
 ( INFO  )  SCycleController   : Entering ExecuteAllCycles()
 ( INFO  )  SInputData         : Input type "SUSYGluGluToHToTauTau_M-160" version "SUSYGluGluToHToTauTau_M-160_TuneCUETP8M1_13TeV-pythia8" : Validation skipped
 ( INFO  )  SCycleController   : Executing Cycle #0 ('TauTauAnalysis') locally
 ( INFO  )  TauTauAnalysis     : BeginCycle ... 
 ( INFO  )  SCycleController   : Processing input data type: SUSYGluGluToHToTauTau_M-160 version: SUSYGluGluToHToTauTau_M-160_TuneCUETP8M1_13TeV-pythia8
 ( INFO  )  TauTauAnalysis     : RecoTreeName:         tree
 ( INFO  )  TauTauAnalysis     : JetAK4Name:           jetAK4
 ( INFO  )  TauTauAnalysis     : ElectronName:         el
 ( INFO  )  TauTauAnalysis     : MuonName:             mu
 ( INFO  )  TauTauAnalysis     : TauName:             tau
 ( INFO  )  TauTauAnalysis     : GenParticleName:      genParticle
 ( INFO  )  TauTauAnalysis     : IsData:           FALSE
 ( INFO  )  TauTauAnalysis     : IsSignal:           TRUE
 ( INFO  )  TauTauAnalysis     : ElectronPtCut:           24
 ( INFO  )  TauTauAnalysis     : ElectronEtaCut:           2.1
 ( INFO  )  TauTauAnalysis     : ElectronD0Cut:           0.045
 ( INFO  )  TauTauAnalysis     : ElectronDzCut:           0.2
 ( INFO  )  TauTauAnalysis     : ElectronIsoCut:           0.1
 ( INFO  )  TauTauAnalysis     : MuonPtCut:           19
 ( INFO  )  TauTauAnalysis     : MuonEtaCut:           2.1
 ( INFO  )  TauTauAnalysis     : MuonD0Cut:           0.045
 ( INFO  )  TauTauAnalysis     : MuonDzCut:           0.2
 ( INFO  )  TauTauAnalysis     : MuonIsoCut:           0.15
 ( INFO  )  TauTauAnalysis     : TauPtCut:           20
 ( INFO  )  TauTauAnalysis     : TauEtaCut:           2.3
 ( INFO  )  TauTauAnalysis     : TauDzCut:           0.2
 ( INFO  )  TauTauAnalysis     : JSONName:           /shome/ytakahas/work/TauTau/SFrameAnalysis/SFrame/../GoodRunsLists/JSON/Cert_271036-277148_13TeV_PromptReco_Collisions16_JSON_NoL1T.txt
 ( INFO  )  PileupReweighti... : HistoPath:        $SFRAME_DIR/../PileupReweightingTool/histograms/
 ( INFO  )  PileupReweighti... : DataRootFileName: MyDataPileupHistogram_69p2_15p9.root
 ( INFO  )  PileupReweighti... : DataRootHistName: pileup
 ( INFO  )  PileupReweighti... : MCScenario:      PUS25ns
 ( INFO  )  PileupReweighti... : Pileup weights initialised
 declaring variables
cutflow_mutau histogram_mutau
cutflow_eletau histogram_eletau
 ( INFO  )  ScaleFactorTool    : Initializing ScaleFactor for lepons
 ( INFO  )  ScaleFactorTool    : Efficiency file Trig: /shome/ytakahas/work/TauTau/SFrameAnalysis/SFrame/../LepEff2016/data/Muon/SingleMuonTrigger_Z_RunBCD_prompt80X_7p65.root
 ( INFO  )  ScaleFactorTool    : Efficiency file MuSF: /shome/ytakahas/work/TauTau/SFrameAnalysis/SFrame/../LepEff2016/data/Muon/MuonID_Z_RunBCD_prompt80X_7p65.root
 ( INFO  )  ScaleFactorTool    : Efficiency file eleSF: /shome/ytakahas/work/TauTau/SFrameAnalysis/SFrame/../LepEff2016/data/Electron/egammaEffi_txt_SF2D.root
 Want the input file .root /shome/ytakahas/work/TauTau/SFrameAnalysis/SFrame/../LepEff2016/data/Muon/SingleMuonTrigger_Z_RunBCD_prompt80X_7p65.root
 ( INFO  )  ScaleFactorTool    : Scale factor Mu trig  initialised
 Want the input file .root /shome/ytakahas/work/TauTau/SFrameAnalysis/SFrame/../LepEff2016/data/Muon/MuonID_Z_RunBCD_prompt80X_7p65.root
 ( INFO  )  ScaleFactorTool    : Scale factor Mu ID initialised
 Want the input file .root /shome/ytakahas/work/TauTau/SFrameAnalysis/SFrame/../LepEff2016/data/Muon/MuonIso_Z_RunBCD_prompt80X_7p65.root
 ( INFO  )  ScaleFactorTool    : Scale factor Mu Iso initialised
 Want the input file .root /shome/ytakahas/work/TauTau/SFrameAnalysis/SFrame/../LepEff2016/data/Electron/egammaEffi_txt_SF2D.root
 ( INFO  )  ScaleFactorTool    : Scale factor Ele ID initialised
 ( INFO  )  TauTauAnalysis     : Initialised InputData "SUSYGluGluToHToTauTau_M-160" (Version:SUSYGluGluToHToTauTau_M-160_TuneCUETP8M1_13TeV-pythia8) on worker node
 ( INFO  )  TauTauAnalysis     : Connecting input variables
 ( INFO  )  TauTauAnalysis     : Connecting input variables completed
 (WARNING)  TauTauAnalysis     : Can't use a TTreeCache in LOCAL mode, sorry...
	562 1 4  -> pass !
	564 1 4  -> pass !
	575 1 4  -> pass !
	576 1 4  -> pass !
	595 1 4  -> pass !
	680 1 4  -> pass !
	695 1 4  -> pass !
	699 1 4  -> pass !
	711 1 4  -> pass !
	720 1 4  -> pass !
	775 1 5  -> pass !
	776 1 5  -> pass !
	781 1 5  -> pass !
	794 1 5  -> pass !
	815 1 5  -> pass !
	825 1 5  -> pass !
	858 1 5  -> pass !
	998 1 6  -> pass !
	1030 1 6  -> pass !
	1082 1 6  -> pass !
	1685 1 10  -> pass !
	1690 1 10  -> pass !
	1695 1 10  -> pass !
	1725 1 10  -> pass !
	1806 1 10  -> pass !
	1827 1 10  -> pass !
	1865 1 11  -> pass !
	1898 1 11  -> pass !
	1903 1 11  -> pass !
	1909 1 11  -> pass !
	1912 1 11  -> pass !
	1934 1 11  -> pass !
	1950 1 11  -> pass !
	1973 1 11  -> pass !
	1976 1 11  -> pass !
	1978 1 11  -> pass !
	2026 1 11  -> pass !
	2027 1 11  -> pass !
	171411 1 929  -> pass !
 ( INFO  )  TauTauAnalysis     : Processing entry: 999 (999 / 0 events processed so far)
	171463 1 929  -> pass !
	171526 1 929  -> pass !
	171560 1 929  -> pass !
	171597 1 930  -> pass !
	171613 1 930  -> pass !
	171616 1 930  -> pass !
	171687 1 930  -> pass !
	171698 1 930  -> pass !
	171712 1 930  -> pass !
	171819 1 931  -> pass !
	171858 1 931  -> pass !
	171876 1 931  -> pass !
	171895 1 931  -> pass !
	171967 1 932  -> pass !
	172030 1 932  -> pass !
	172094 1 932  -> pass !
	172107 1 932  -> pass !
	172128 1 932  -> pass !
	172129 1 932  -> pass !
	172133 1 932  -> pass !
	172156 1 933  -> pass !
	172167 1 933  -> pass !
	172199 1 933  -> pass !
	172200 1 933  -> pass !
	172203 1 933  -> pass !
	172209 1 933  -> pass !
	172225 1 933  -> pass !
	172231 1 933  -> pass !
	172236 1 933  -> pass !
	172251 1 933  -> pass !
	172289 1 933  -> pass !
	213846 1 1159  -> pass !
	213883 1 1159  -> pass !
	213934 1 1159  -> pass !
	213939 1 1159  -> pass !
	213946 1 1159  -> pass !
	213947 1 1159  -> pass !
	213977 1 1159  -> pass !
 ( INFO  )  TauTauAnalysis     : Processing entry: 1999 (1999 / 0 events processed so far)
	214065 1 1160  -> pass !
	214137 1 1160  -> pass !
	214185 1 1160  -> pass !
	214206 1 1160  -> pass !
	214326 1 1161  -> pass !
	214398 1 1161  -> pass !
	223831 1 1213  -> pass !
	223844 1 1213  -> pass !
	223857 1 1213  -> pass !
	223867 1 1213  -> pass !
	223873 1 1213  -> pass !
	223993 1 1213  -> pass !
	224065 1 1214  -> pass !
	224069 1 1214  -> pass !
	224138 1 1214  -> pass !
	224154 1 1214  -> pass !
	224186 1 1214  -> pass !
	224229 1 1215  -> pass !
	224284 1 1215  -> pass !
	224299 1 1215  -> pass !
 ( INFO  )  TauTauAnalysis     : Processing entry: 2999 (2999 / 0 events processed so far)
	247150 1 1339  -> pass !
	247191 1 1339  -> pass !
	247197 1 1339  -> pass !
	247217 1 1339  -> pass !
	247237 1 1339  -> pass !
	247280 1 1339  -> pass !
	247324 1 1340  -> pass !
	247328 1 1340  -> pass !
	247346 1 1340  -> pass !
	247358 1 1340  -> pass !
	247369 1 1340  -> pass !
	247376 1 1340  -> pass !
	247377 1 1340  -> pass !
	247399 1 1340  -> pass !
	247420 1 1340  -> pass !
	247426 1 1340  -> pass !
	247438 1 1340  -> pass !
	247440 1 1340  -> pass !
	247479 1 1340  -> pass !
	247484 1 1340  -> pass !
	247513 1 1341  -> pass !
	247577 1 1341  -> pass !
	247588 1 1341  -> pass !
	247622 1 1341  -> pass !
	247627 1 1341  -> pass !
	247634 1 1341  -> pass !
	8331 1 46  -> pass !
	8401 1 46  -> pass !
	8423 1 46  -> pass !
	8425 1 46  -> pass !
	8427 1 46  -> pass !
	8470 1 46  -> pass !
	8546 1 47  -> pass !
	8554 1 47  -> pass !
	8575 1 47  -> pass !
	8584 1 47  -> pass !
	8612 1 47  -> pass !
	8618 1 47  -> pass !
	8640 1 47  -> pass !
	8642 1 47  -> pass !
	8731 1 48  -> pass !
	8752 1 48  -> pass !
	8761 1 48  -> pass !
	8772 1 48  -> pass !
 ( INFO  )  TauTauAnalysis     : Processing entry: 3999 (3999 / 0 events processed so far)
	8849 1 48  -> pass !
	8854 1 48  -> pass !
	14982 1 82  -> pass !
	15004 1 82  -> pass !
	15015 1 82  -> pass !
	15058 1 82  -> pass !
	15069 1 82  -> pass !
	15087 1 82  -> pass !
	15201 1 83  -> pass !
	15212 1 83  -> pass !
	15216 1 83  -> pass !
	15228 1 83  -> pass !
	15230 1 83  -> pass !
	15261 1 83  -> pass !
	15286 1 83  -> pass !
	15317 1 83  -> pass !
	15357 1 83  -> pass !
	32214 1 175  -> pass !
	32240 1 175  -> pass !
	32244 1 175  -> pass !
	32284 1 175  -> pass !
	32307 1 175  -> pass !
	32309 1 175  -> pass !
	32405 1 176  -> pass !
	32428 1 176  -> pass !
	32454 1 176  -> pass !
	32547 1 177  -> pass !
	32634 1 177  -> pass !
 ( INFO  )  TauTauAnalysis     : Processing entry: 4999 (4999 / 0 events processed so far)
	32681 1 177  -> pass !
	52081 1 283  -> pass !
	52130 1 283  -> pass !
	52156 1 283  -> pass !
	52180 1 283  -> pass !
	52214 1 283  -> pass !
	52245 1 283  -> pass !
	52268 1 283  -> pass !
	52303 1 284  -> pass !
	52337 1 284  -> pass !
	52347 1 284  -> pass !
	52381 1 284  -> pass !
	52458 1 284  -> pass !
	33803 1 184  -> pass !
	33805 1 184  -> pass !
	33823 1 184  -> pass !
	33867 1 184  -> pass !
	33881 1 184  -> pass !
	33891 1 184  -> pass !
	33896 1 184  -> pass !
	33924 1 184  -> pass !
	33983 1 184  -> pass !
	34039 1 185  -> pass !
	34143 1 185  -> pass !
	34161 1 185  -> pass !
	34178 1 185  -> pass !
	34183 1 185  -> pass !
	34249 1 186  -> pass !
	34301 1 186  -> pass !
 ( INFO  )  TauTauAnalysis     : Processing entry: 5999 (5999 / 0 events processed so far)
	484251 1 2623  -> pass !
	484292 1 2623  -> pass !
	484300 1 2623  -> pass !
	484314 1 2623  -> pass !
	484346 1 2623  -> pass !
	484348 1 2623  -> pass !
	484349 1 2623  -> pass !
	484350 1 2623  -> pass !
	484354 1 2623  -> pass !
	484357 1 2623  -> pass !
	484433 1 2624  -> pass !
	484447 1 2624  -> pass !
	484494 1 2624  -> pass !
	484507 1 2624  -> pass !
	484582 1 2624  -> pass !
	135185 1 733  -> pass !
	135217 1 733  -> pass !
	135233 1 733  -> pass !
	135234 1 733  -> pass !
	135247 1 733  -> pass !
	135280 1 733  -> pass !
	135299 1 733  -> pass !
	135347 1 733  -> pass !
	135352 1 733  -> pass !
	135371 1 733  -> pass !
	135379 1 734  -> pass !
	135444 1 734  -> pass !
	135460 1 734  -> pass !
	135475 1 734  -> pass !
	135494 1 734  -> pass !
	135539 1 734  -> pass !
	135561 1 734  -> pass !
	135580 1 735  -> pass !
	135581 1 735  -> pass !
	135655 1 735  -> pass !
	135684 1 735  -> pass !
	135696 1 735  -> pass !
	135750 1 736  -> pass !
	135776 1 736  -> pass !
	135788 1 736  -> pass !
 ( INFO  )  TauTauAnalysis     : Processing entry: 6999 (6999 / 0 events processed so far)
	135802 1 736  -> pass !
	135862 1 736  -> pass !
	135883 1 736  -> pass !
	135920 1 736  -> pass !
	135995 1 737  -> pass !
	136022 1 737  -> pass !
	136026 1 737  -> pass !
	136033 1 737  -> pass !
	136096 1 737  -> pass !
	51554 1 280  -> pass !
	51557 1 280  -> pass !
	51617 1 280  -> pass !
	51636 1 280  -> pass !
	51654 1 280  -> pass !
	51692 1 280  -> pass !
	51743 1 281  -> pass !
	51749 1 281  -> pass !
	51751 1 281  -> pass !
	51778 1 281  -> pass !
	51800 1 281  -> pass !
	51825 1 281  -> pass !
	51897 1 281  -> pass !
	51936 1 282  -> pass !
	51954 1 282  -> pass !
	51996 1 282  -> pass !
	52040 1 282  -> pass !
	52049 1 282  -> pass !
	52067 1 282  -> pass !
	53777 1 292  -> pass !
	53778 1 292  -> pass !
	53832 1 292  -> pass !
 ( INFO  )  TauTauAnalysis     : Processing entry: 7999 (7999 / 0 events processed so far)
	53896 1 292  -> pass !
	53907 1 292  -> pass !
	53920 1 292  -> pass !
	53941 1 293  -> pass !
	53962 1 293  -> pass !
	53977 1 293  -> pass !
	53988 1 293  -> pass !
	53989 1 293  -> pass !
	53997 1 293  -> pass !
	54012 1 293  -> pass !
	54079 1 293  -> pass !
	54123 1 293  -> pass !
	54126 1 293  -> pass !
	286830 1 1554  -> pass !
	286835 1 1554  -> pass !
	286839 1 1554  -> pass !
	286848 1 1554  -> pass !
	286857 1 1554  -> pass !
	286892 1 1554  -> pass !
	286929 1 1554  -> pass !
	286930 1 1554  -> pass !
	286944 1 1554  -> pass !
	286954 1 1554  -> pass !
	286958 1 1554  -> pass !
	286966 1 1554  -> pass !
	293643 1 1591  -> pass !
	293658 1 1591  -> pass !
	293679 1 1591  -> pass !
	293695 1 1591  -> pass !
	293721 1 1591  -> pass !
	293767 1 1591  -> pass !
	293803 1 1591  -> pass !
	293863 1 1592  -> pass !
	293903 1 1592  -> pass !
	293928 1 1592  -> pass !
	293989 1 1592  -> pass !
	294056 1 1593  -> pass !
	294061 1 1593  -> pass !
	294084 1 1593  -> pass !
	294109 1 1593  -> pass !
	294138 1 1593  -> pass !
	294163 1 1593  -> pass !
	294164 1 1593  -> pass !
 ( INFO  )  TauTauAnalysis     : Processing entry: 8999 (8999 / 0 events processed so far)
	326864 1 1771  -> pass !
	326866 1 1771  -> pass !
	326889 1 1771  -> pass !
	326907 1 1771  -> pass !
	326951 1 1771  -> pass !
	326971 1 1771  -> pass !
	327025 1 1771  -> pass !
	327124 1 1772  -> pass !
	327132 1 1772  -> pass !
	327391 1 1773  -> pass !
	327411 1 1773  -> pass !
	327439 1 1774  -> pass !
	327453 1 1774  -> pass !
	327482 1 1774  -> pass !
	327516 1 1774  -> pass !
	327542 1 1774  -> pass !
	327567 1 1774  -> pass !
	327590 1 1774  -> pass !
	327651 1 1775  -> pass !
	327670 1 1775  -> pass !
	327707 1 1775  -> pass !
	327726 1 1775  -> pass !
	327756 1 1775  -> pass !
	327780 1 1775  -> pass !
	327787 1 1775  -> pass !
	327788 1 1775  -> pass !
	327805 1 1775  -> pass !
 ( INFO  )  TauTauAnalysis     : Processing entry: 9999 (9999 / 0 events processed so far)
	327914 1 1776  -> pass !
	327915 1 1776  -> pass !
	327950 1 1776  -> pass !
	327955 1 1776  -> pass !
	473884 1 2567  -> pass !
	473947 1 2567  -> pass !
	473963 1 2567  -> pass !
	473980 1 2567  -> pass !
	473986 1 2567  -> pass !
	473992 1 2567  -> pass !
	474002 1 2567  -> pass !
	474007 1 2567  -> pass !
	474014 1 2567  -> pass !
	474033 1 2567  -> pass !
	474038 1 2567  -> pass !
	474063 1 2567  -> pass !
	474074 1 2568  -> pass !
	474103 1 2568  -> pass !
	474213 1 2568  -> pass !
	474215 1 2568  -> pass !
	486971 1 2638  -> pass !
	487054 1 2638  -> pass !
	487254 1 2639  -> pass !
	487299 1 2639  -> pass !
	487347 1 2639  -> pass !
	487400 1 2640  -> pass !
	487423 1 2640  -> pass !
	487488 1 2640  -> pass !
	487494 1 2640  -> pass !
 ( INFO  )  TauTauAnalysis     : Processing entry: 10999 (10999 / 0 events processed so far)
	487513 1 2640  -> pass !
	197096 1 1068  -> pass !
	197200 1 1068  -> pass !
	197212 1 1068  -> pass !
	207597 1 1125  -> pass !
	207615 1 1125  -> pass !
	207641 1 1125  -> pass !
	207643 1 1125  -> pass !
	207698 1 1125  -> pass !
	207713 1 1125  -> pass !
	207742 1 1125  -> pass !
	264674 1 1434  -> pass !
	264679 1 1434  -> pass !
	264683 1 1434  -> pass !
	264733 1 1434  -> pass !
	264741 1 1434  -> pass !
	264749 1 1434  -> pass !
	264755 1 1434  -> pass !
	264774 1 1434  -> pass !
	270787 1 1467  -> pass !
	270837 1 1467  -> pass !
	270841 1 1467  -> pass !
	270903 1 1467  -> pass !
	378793 1 2052  -> pass !
	378814 1 2052  -> pass !
	378822 1 2052  -> pass !
	378833 1 2052  -> pass !
	378836 1 2052  -> pass !
	378839 1 2052  -> pass !
	378857 1 2052  -> pass !
	378859 1 2052  -> pass !
	378860 1 2052  -> pass !
	378866 1 2052  -> pass !
	378898 1 2052  -> pass !
	378909 1 2052  -> pass !
	384323 1 2082  -> pass !
	384360 1 2082  -> pass !
	384374 1 2082  -> pass !
	384375 1 2082  -> pass !
	384444 1 2082  -> pass !
	384459 1 2082  -> pass !
	386344 1 2093  -> pass !
	386359 1 2093  -> pass !
	386374 1 2093  -> pass !
 ( INFO  )  TauTauAnalysis     : Processing entry: 11999 (11999 / 0 events processed so far)
	386409 1 2093  -> pass !
	386443 1 2093  -> pass !
	386461 1 2093  -> pass !
	386473 1 2093  -> pass !
	386481 1 2093  -> pass !
	386586 1 2094  -> pass !
	386598 1 2094  -> pass !
	386608 1 2094  -> pass !
	386663 1 2094  -> pass !
	386677 1 2094  -> pass !
	386690 1 2094  -> pass !
	387721 1 2100  -> pass !
	387734 1 2100  -> pass !
	387750 1 2100  -> pass !
	387757 1 2100  -> pass !
	387785 1 2100  -> pass !
	387787 1 2100  -> pass !
	387795 1 2100  -> pass !
	387796 1 2100  -> pass !
	388926 1 2107  -> pass !
	388936 1 2107  -> pass !
	388946 1 2107  -> pass !
	388951 1 2107  -> pass !
	389009 1 2107  -> pass !
	389016 1 2107  -> pass !
	389107 1 2107  -> pass !
	389111 1 2108  -> pass !
	389190 1 2108  -> pass !
	389198 1 2108  -> pass !
	389211 1 2108  -> pass !
	389226 1 2108  -> pass !
	389252 1 2108  -> pass !
	389259 1 2108  -> pass !
	389266 1 2108  -> pass !
	389267 1 2108  -> pass !
	389273 1 2108  -> pass !
	389283 1 2108  -> pass !
	389290 1 2108  -> pass !
	389305 1 2108  -> pass !
	389449 1 2109  -> pass !
 ( INFO  )  TauTauAnalysis     : Processing entry: 12999 (12999 / 0 events processed so far)
	389903 1 2112  -> pass !
	389931 1 2112  -> pass !
	389939 1 2112  -> pass !
	389983 1 2112  -> pass !
	407593 1 2208  -> pass !
	407600 1 2208  -> pass !
	407653 1 2208  -> pass !
	407686 1 2208  -> pass !
	407717 1 2208  -> pass !
	412958 1 2237  -> pass !
	412966 1 2237  -> pass !
	412969 1 2237  -> pass !
	412988 1 2237  -> pass !
	413031 1 2237  -> pass !
	413137 1 2238  -> pass !
	413160 1 2238  -> pass !
	413188 1 2238  -> pass !
	413191 1 2238  -> pass !
	413195 1 2238  -> pass !
	413200 1 2238  -> pass !
	413260 1 2238  -> pass !
	413279 1 2238  -> pass !
	413282 1 2238  -> pass !
	440277 1 2385  -> pass !
	440303 1 2385  -> pass !
	440335 1 2385  -> pass !
	440378 1 2385  -> pass !
	440381 1 2385  -> pass !
	467799 1 2534  -> pass !
	467880 1 2534  -> pass !
	467890 1 2534  -> pass !
	467891 1 2534  -> pass !
	467893 1 2534  -> pass !
	467895 1 2534  -> pass !
 ( INFO  )  TauTauAnalysis     : Processing entry: 13999 (13999 / 0 events processed so far)
	468026 1 2535  -> pass !
	468030 1 2535  -> pass !
	468063 1 2535  -> pass !
	468097 1 2535  -> pass !
	468103 1 2535  -> pass !
	225329 1 1221  -> pass !
	225346 1 1221  -> pass !
	225354 1 1221  -> pass !
	225372 1 1221  -> pass !
	225374 1 1221  -> pass !
	225393 1 1221  -> pass !
	225436 1 1221  -> pass !
	225461 1 1221  -> pass !
	225476 1 1221  -> pass !
	227149 1 1231  -> pass !
	227176 1 1231  -> pass !
	227218 1 1231  -> pass !
	227222 1 1231  -> pass !
	227255 1 1231  -> pass !
	227287 1 1231  -> pass !
	227297 1 1231  -> pass !
	227337 1 1231  -> pass !
	227368 1 1232  -> pass !
	227392 1 1232  -> pass !
	227429 1 1232  -> pass !
	227434 1 1232  -> pass !
	227472 1 1232  -> pass !
	227502 1 1232  -> pass !
	227523 1 1232  -> pass !
	227587 1 1233  -> pass !
	227613 1 1233  -> pass !
	227687 1 1233  -> pass !
	240447 1 1303  -> pass !
	240501 1 1303  -> pass !
	240508 1 1303  -> pass !
	240513 1 1303  -> pass !
 ( INFO  )  TauTauAnalysis     : Processing entry: 14999 (14999 / 0 events processed so far)
	240557 1 1303  -> pass !
	240559 1 1303  -> pass !
	240560 1 1303  -> pass !
	240562 1 1303  -> pass !
	240573 1 1303  -> pass !
	240610 1 1303  -> pass !
	240632 1 1303  -> pass !
	295857 1 1603  -> pass !
	295860 1 1603  -> pass !
	295881 1 1603  -> pass !
	295959 1 1603  -> pass !
	295962 1 1603  -> pass !
	295974 1 1603  -> pass !
	295981 1 1603  -> pass !
	295984 1 1603  -> pass !
	296001 1 1603  -> pass !
	296035 1 1603  -> pass !
	296054 1 1604  -> pass !
	296061 1 1604  -> pass !
	296076 1 1604  -> pass !
	296089 1 1604  -> pass !
	296151 1 1604  -> pass !
	296175 1 1604  -> pass !
	296190 1 1604  -> pass !
	296272 1 1605  -> pass !
	296291 1 1605  -> pass !
	296325 1 1605  -> pass !
	296337 1 1605  -> pass !
	296372 1 1605  -> pass !
	296390 1 1605  -> pass !
	358453 1 1942  -> pass !
	358464 1 1942  -> pass !
	358491 1 1942  -> pass !
	358500 1 1942  -> pass !
	358505 1 1942  -> pass !
	358569 1 1942  -> pass !
	358584 1 1942  -> pass !
	358639 1 1943  -> pass !
	358657 1 1943  -> pass !
	358715 1 1943  -> pass !
	358725 1 1943  -> pass !
	358740 1 1943  -> pass !
	358742 1 1943  -> pass !
	358793 1 1943  -> pass !
	358801 1 1943  -> pass !
 ( INFO  )  TauTauAnalysis     : Processing entry: 15999 (15999 / 0 events processed so far)
	439366 1 2380  -> pass !
	439367 1 2380  -> pass !
	439405 1 2380  -> pass !
	439446 1 2380  -> pass !
	439449 1 2380  -> pass !
	439457 1 2380  -> pass !
	439505 1 2380  -> pass !
	439573 1 2381  -> pass !
	439580 1 2381  -> pass !
	439612 1 2381  -> pass !
	439622 1 2381  -> pass !
	439676 1 2381  -> pass !
	439689 1 2381  -> pass !
	439704 1 2381  -> pass !
	439718 1 2381  -> pass !
	439719 1 2381  -> pass !
	439738 1 2382  -> pass !
	439740 1 2382  -> pass !
	439755 1 2382  -> pass !
	439763 1 2382  -> pass !
	439779 1 2382  -> pass !
	439799 1 2382  -> pass !
	439826 1 2382  -> pass !
	439838 1 2382  -> pass !
	439908 1 2383  -> pass !
	439910 1 2383  -> pass !
	439911 1 2383  -> pass !
	439942 1 2383  -> pass !
	440004 1 2383  -> pass !
	440075 1 2383  -> pass !
	440088 1 2384  -> pass !
	440131 1 2384  -> pass !
	440135 1 2384  -> pass !
	440147 1 2384  -> pass !
	440161 1 2384  -> pass !
	440192 1 2384  -> pass !
	440239 1 2384  -> pass !
	440246 1 2384  -> pass !
	55403 1 301  -> pass !
	55407 1 301  -> pass !
 ( INFO  )  TauTauAnalysis     : Processing entry: 16999 (16999 / 0 events processed so far)
	55425 1 301  -> pass !
	55445 1 301  -> pass !
	55458 1 301  -> pass !
	55497 1 301  -> pass !
	55504 1 301  -> pass !
	55533 1 301  -> pass !
	55543 1 301  -> pass !
	55559 1 301  -> pass !
	55570 1 301  -> pass !
	55632 1 302  -> pass !
	55634 1 302  -> pass !
	55637 1 302  -> pass !
	55648 1 302  -> pass !
	55689 1 302  -> pass !
	55692 1 302  -> pass !
	55726 1 302  -> pass !
	55728 1 302  -> pass !
	55734 1 302  -> pass !
	55741 1 302  -> pass !
	55742 1 302  -> pass !
	55755 1 302  -> pass !
	55778 1 302  -> pass !
	55800 1 302  -> pass !
	55819 1 303  -> pass !
	55858 1 303  -> pass !
	55875 1 303  -> pass !
	55949 1 303  -> pass !
	74882 1 406  -> pass !
	74978 1 406  -> pass !
	74986 1 406  -> pass !
	75008 1 407  -> pass !
	75025 1 407  -> pass !
	75036 1 407  -> pass !
	75045 1 407  -> pass !
	75096 1 407  -> pass !
	75138 1 407  -> pass !
	75149 1 407  -> pass !
	75171 1 407  -> pass !
	75209 1 408  -> pass !
	75215 1 408  -> pass !
	75229 1 408  -> pass !
 ( INFO  )  TauTauAnalysis     : Processing entry: 17999 (17999 / 0 events processed so far)
	75250 1 408  -> pass !
	75277 1 408  -> pass !
	75286 1 408  -> pass !
	76501 1 415  -> pass !
	76542 1 415  -> pass !
	76550 1 415  -> pass !
	76553 1 415  -> pass !
	76566 1 415  -> pass !
	76638 1 415  -> pass !
	76675 1 416  -> pass !
	76758 1 416  -> pass !
	76786 1 416  -> pass !
	76791 1 416  -> pass !
	76808 1 416  -> pass !
	76825 1 416  -> pass !
	76835 1 416  -> pass !
	76894 1 417  -> pass !
	124113 1 673  -> pass !
	124153 1 673  -> pass !
	124163 1 673  -> pass !
	124213 1 673  -> pass !
	124240 1 673  -> pass !
	124283 1 673  -> pass !
	124285 1 673  -> pass !
	465924 1 2524  -> pass !
	465935 1 2524  -> pass !
	465966 1 2524  -> pass !
	466020 1 2524  -> pass !
	466026 1 2524  -> pass !
	466031 1 2524  -> pass !
 ( INFO  )  TauTauAnalysis     : Processing entry: 18999 (18999 / 0 events processed so far)
	466114 1 2524  -> pass !
	466139 1 2525  -> pass !
	466141 1 2525  -> pass !
	466205 1 2525  -> pass !
	466253 1 2525  -> pass !
	466276 1 2525  -> pass !
	466393 1 2526  -> pass !
	466456 1 2526  -> pass !
	486449 1 2635  -> pass !
	486459 1 2635  -> pass !
	486498 1 2635  -> pass !
	486578 1 2635  -> pass !
	486589 1 2635  -> pass !
	486617 1 2636  -> pass !
	486664 1 2636  -> pass !
	486691 1 2636  -> pass !
	486708 1 2636  -> pass !
	486724 1 2636  -> pass !
	486730 1 2636  -> pass !
	486731 1 2636  -> pass !
	486737 1 2636  -> pass !
	486774 1 2636  -> pass !
	486787 1 2636  -> pass !
	486800 1 2636  -> pass !
	478683 1 2593  -> pass !
	478723 1 2593  -> pass !
	478746 1 2593  -> pass !
 ( INFO  )  TauTauAnalysis     : Processing entry: 19999 (19999 / 0 events processed so far)
	478882 1 2594  -> pass !
	478916 1 2594  -> pass !
	478933 1 2594  -> pass !
	478936 1 2594  -> pass !
	478946 1 2594  -> pass !
	478954 1 2594  -> pass !
	479095 1 2595  -> pass !
	479107 1 2595  -> pass !
	479125 1 2595  -> pass !
	479141 1 2595  -> pass !
	479150 1 2595  -> pass !
	479167 1 2595  -> pass !
	491960 1 2665  -> pass !
	491970 1 2665  -> pass !
	491973 1 2665  -> pass !
	491989 1 2665  -> pass !
	492002 1 2665  -> pass !
	492014 1 2665  -> pass !
	492017 1 2665  -> pass !
	492099 1 2665  -> pass !
	492120 1 2665  -> pass !
	492122 1 2665  -> pass !
	492204 1 2666  -> pass !
	492226 1 2666  -> pass !
	492291 1 2666  -> pass !
	492296 1 2666  -> pass !
	492307 1 2666  -> pass !
	492315 1 2666  -> pass !
	492338 1 2666  -> pass !
	492352 1 2666  -> pass !
	89663 1 486  -> pass !
	89674 1 486  -> pass !
	89699 1 486  -> pass !
	89744 1 486  -> pass !
	99193 1 538  -> pass !
 ( INFO  )  TauTauAnalysis     : Processing entry: 20999 (20999 / 0 events processed so far)
	99262 1 538  -> pass !
	99303 1 538  -> pass !
	99311 1 538  -> pass !
	99316 1 538  -> pass !
	99317 1 538  -> pass !
	99356 1 538  -> pass !
	99361 1 538  -> pass !
	99362 1 538  -> pass !
	99391 1 539  -> pass !
	99433 1 539  -> pass !
	99440 1 539  -> pass !
	99507 1 539  -> pass !
	99510 1 539  -> pass !
	99518 1 539  -> pass !
	99529 1 539  -> pass !
	99536 1 539  -> pass !
	99606 1 540  -> pass !
	99614 1 540  -> pass !
	99633 1 540  -> pass !
	99652 1 540  -> pass !
	99665 1 540  -> pass !
	99717 1 540  -> pass !
	99719 1 540  -> pass !
	101400 1 550  -> pass !
	101406 1 550  -> pass !
	101421 1 550  -> pass !
	101433 1 550  -> pass !
	101470 1 550  -> pass !
	101474 1 550  -> pass !
	101476 1 550  -> pass !
	101493 1 550  -> pass !
	101500 1 550  -> pass !
	101514 1 550  -> pass !
	101515 1 550  -> pass !
	101527 1 550  -> pass !
	101537 1 550  -> pass !
	313047 1 1696  -> pass !
	313056 1 1696  -> pass !
	313094 1 1696  -> pass !
	313095 1 1696  -> pass !
	313140 1 1696  -> pass !
	313210 1 1696  -> pass !
	313222 1 1697  -> pass !
	313234 1 1697  -> pass !
	313259 1 1697  -> pass !
	313334 1 1697  -> pass !
	313335 1 1697  -> pass !
 ( INFO  )  TauTauAnalysis     : Processing entry: 21999 (21999 / 0 events processed so far)
	313399 1 1697  -> pass !
	313442 1 1698  -> pass !
	313500 1 1698  -> pass !
	313562 1 1698  -> pass !
	381721 1 2068  -> pass !
	381753 1 2068  -> pass !
	381756 1 2068  -> pass !
	381776 1 2068  -> pass !
	381778 1 2068  -> pass !
	381794 1 2068  -> pass !
	381855 1 2068  -> pass !
	381867 1 2068  -> pass !
	381886 1 2068  -> pass !
	381920 1 2069  -> pass !
	381943 1 2069  -> pass !
	381947 1 2069  -> pass !
	381998 1 2069  -> pass !
	382011 1 2069  -> pass !
	382055 1 2069  -> pass !
	382069 1 2069  -> pass !
	416098 1 2254  -> pass !
	416103 1 2254  -> pass !
	416150 1 2254  -> pass !
	416175 1 2254  -> pass !
	416207 1 2254  -> pass !
	416280 1 2255  -> pass !
	416289 1 2255  -> pass !
	416311 1 2255  -> pass !
	416330 1 2255  -> pass !
	416352 1 2255  -> pass !
	416386 1 2255  -> pass !
 ( INFO  )  TauTauAnalysis     : Processing entry: 22999 (22999 / 0 events processed so far)
	416480 1 2256  -> pass !
	416511 1 2256  -> pass !
	416535 1 2256  -> pass !
	416536 1 2256  -> pass !
	416549 1 2256  -> pass !
	417167 1 2260  -> pass !
	417255 1 2260  -> pass !
	417260 1 2260  -> pass !
	417284 1 2260  -> pass !
	417293 1 2260  -> pass !
	417303 1 2260  -> pass !
	417317 1 2260  -> pass !
	417372 1 2261  -> pass !
	417424 1 2261  -> pass !
	417463 1 2261  -> pass !
	417482 1 2261  -> pass !
	417485 1 2261  -> pass !
	417511 1 2261  -> pass !
	417522 1 2261  -> pass !
	417561 1 2261  -> pass !
	424228 1 2298  -> pass !
	424247 1 2298  -> pass !
	424304 1 2298  -> pass !
	424342 1 2298  -> pass !
	424372 1 2299  -> pass !
	424385 1 2299  -> pass !
	424392 1 2299  -> pass !
	424422 1 2299  -> pass !
	424551 1 2299  -> pass !
	424555 1 2299  -> pass !
	424576 1 2300  -> pass !
 ( INFO  )  TauTauAnalysis     : Processing entry: 23999 (23999 / 0 events processed so far)
	424686 1 2300  -> pass !
	424718 1 2300  -> pass !
	424755 1 2300  -> pass !
	424763 1 2300  -> pass !
	424824 1 2301  -> pass !
	424901 1 2301  -> pass !
	424914 1 2301  -> pass !
	424954 1 2302  -> pass !
	424955 1 2302  -> pass !
	424957 1 2302  -> pass !
	424963 1 2302  -> pass !
	425026 1 2302  -> pass !
	453064 1 2454  -> pass !
	453108 1 2454  -> pass !
	453120 1 2454  -> pass !
	453121 1 2454  -> pass !
	453158 1 2454  -> pass !
	453162 1 2454  -> pass !
	453163 1 2454  -> pass !
	470909 1 2551  -> pass !
	470954 1 2551  -> pass !
	470974 1 2551  -> pass !
	471046 1 2551  -> pass !
	471047 1 2551  -> pass !
	471078 1 2551  -> pass !
	471126 1 2552  -> pass !
	471161 1 2552  -> pass !
	471165 1 2552  -> pass !
	471195 1 2552  -> pass !
	471215 1 2552  -> pass !
	471243 1 2552  -> pass !
	471252 1 2552  -> pass !
 ( INFO  )  TauTauAnalysis     : Processing entry: 24999 (24999 / 0 events processed so far)
	471274 1 2552  -> pass !
	471277 1 2552  -> pass !
	471290 1 2552  -> pass !
	471322 1 2553  -> pass !
	471410 1 2553  -> pass !
	474250 1 2569  -> pass !
	474261 1 2569  -> pass !
	474268 1 2569  -> pass !
	474285 1 2569  -> pass !
	474339 1 2569  -> pass !
	474341 1 2569  -> pass !
	474345 1 2569  -> pass !
	474356 1 2569  -> pass !
	474378 1 2569  -> pass !
	474396 1 2569  -> pass !
	474417 1 2569  -> pass !
	147818 1 801  -> pass !
	147870 1 801  -> pass !
	147878 1 801  -> pass !
	147891 1 801  -> pass !
	147917 1 801  -> pass !
	152911 1 829  -> pass !
	152960 1 829  -> pass !
	152964 1 829  -> pass !
	152966 1 829  -> pass !
	153043 1 829  -> pass !
	153050 1 829  -> pass !
	153135 1 830  -> pass !
	153138 1 830  -> pass !
	153139 1 830  -> pass !
	153197 1 830  -> pass !
	153215 1 830  -> pass !
	153259 1 830  -> pass !
	153275 1 830  -> pass !
	153277 1 830  -> pass !
	153287 1 830  -> pass !
 ( INFO  )  TauTauAnalysis     : Processing entry: 25999 (25999 / 0 events processed so far)
	153373 1 831  -> pass !
	153387 1 831  -> pass !
	153397 1 831  -> pass !
	153400 1 831  -> pass !
	153407 1 831  -> pass !
	233273 1 1264  -> pass !
	233298 1 1264  -> pass !
	233307 1 1264  -> pass !
	233310 1 1264  -> pass !
	233319 1 1264  -> pass !
	233370 1 1264  -> pass !
	233393 1 1264  -> pass !
	233408 1 1264  -> pass !
	233414 1 1264  -> pass !
	163903 1 888  -> pass !
	163912 1 888  -> pass !
	163966 1 888  -> pass !
	176753 1 958  -> pass !
	176795 1 958  -> pass !
	176800 1 958  -> pass !
	176809 1 958  -> pass !
	176864 1 958  -> pass !
	176882 1 958  -> pass !
	176902 1 958  -> pass !
	176916 1 958  -> pass !
	176931 1 959  -> pass !
	176954 1 959  -> pass !
	176991 1 959  -> pass !
	177021 1 959  -> pass !
	177097 1 959  -> pass !
	177098 1 959  -> pass !
	177105 1 959  -> pass !
	177166 1 960  -> pass !
	177208 1 960  -> pass !
	177229 1 960  -> pass !
	177236 1 960  -> pass !
	177253 1 960  -> pass !
	177255 1 960  -> pass !
 ( INFO  )  TauTauAnalysis     : Processing entry: 26999 (26999 / 0 events processed so far)
	190633 1 1033  -> pass !
	190651 1 1033  -> pass !
	190658 1 1033  -> pass !
	190688 1 1033  -> pass !
	190724 1 1033  -> pass !
	190735 1 1033  -> pass !
	190764 1 1033  -> pass !
	306769 1 1662  -> pass !
	306837 1 1662  -> pass !
	306879 1 1662  -> pass !
	308065 1 1669  -> pass !
	308078 1 1669  -> pass !
	308240 1 1670  -> pass !
	308305 1 1670  -> pass !
	308316 1 1670  -> pass !
	308410 1 1670  -> pass !
	308417 1 1670  -> pass !
	308459 1 1671  -> pass !
	308471 1 1671  -> pass !
	308507 1 1671  -> pass !
	308529 1 1671  -> pass !
	308555 1 1671  -> pass !
	339062 1 1837  -> pass !
	339082 1 1837  -> pass !
	339119 1 1837  -> pass !
 ( INFO  )  TauTauAnalysis     : Processing entry: 27999 (27999 / 0 events processed so far)
	339244 1 1837  -> pass !
	339248 1 1837  -> pass !
	306919 1 1663  -> pass !
	306925 1 1663  -> pass !
	306927 1 1663  -> pass !
	306928 1 1663  -> pass !
	306935 1 1663  -> pass !
	306961 1 1663  -> pass !
	306965 1 1663  -> pass !
	307027 1 1663  -> pass !
	307083 1 1663  -> pass !
	307085 1 1663  -> pass !
	307174 1 1664  -> pass !
	307214 1 1664  -> pass !
	307282 1 1664  -> pass !
	307293 1 1664  -> pass !
	307348 1 1665  -> pass !
	307368 1 1665  -> pass !
	307397 1 1665  -> pass !
	307434 1 1665  -> pass !
	307451 1 1665  -> pass !
	380601 1 2062  -> pass !
	380602 1 2062  -> pass !
	380628 1 2062  -> pass !
	380652 1 2062  -> pass !
	380657 1 2062  -> pass !
	380658 1 2062  -> pass !
	380661 1 2062  -> pass !
	380665 1 2062  -> pass !
	380688 1 2062  -> pass !
	380691 1 2062  -> pass !
	380804 1 2063  -> pass !
	380878 1 2063  -> pass !
 ( INFO  )  TauTauAnalysis     : Processing entry: 28999 (28999 / 0 events processed so far)
	380933 1 2063  -> pass !
	380954 1 2063  -> pass !
	380963 1 2063  -> pass !
	380967 1 2063  -> pass !
	355521 1 1926  -> pass !
	355551 1 1926  -> pass !
	355635 1 1926  -> pass !
	355653 1 1926  -> pass !
	359034 1 1945  -> pass !
	359043 1 1945  -> pass !
	359100 1 1945  -> pass !
	359126 1 1945  -> pass !
	359145 1 1945  -> pass !
	359153 1 1945  -> pass !
	359176 1 1945  -> pass !
	359184 1 1945  -> pass !
	359192 1 1945  -> pass !
	359219 1 1946  -> pass !
	359338 1 1946  -> pass !
	359387 1 1946  -> pass !
	359414 1 1947  -> pass !
	359438 1 1947  -> pass !
	359461 1 1947  -> pass !
	359499 1 1947  -> pass !
	386718 1 2095  -> pass !
	386729 1 2095  -> pass !
	386750 1 2095  -> pass !
	386773 1 2095  -> pass !
	386799 1 2095  -> pass !
	386851 1 2095  -> pass !
	386862 1 2095  -> pass !
	386886 1 2095  -> pass !
	386889 1 2095  -> pass !
	157186 1 852  -> pass !
	157193 1 852  -> pass !
 ( INFO  )  TauTauAnalysis     : Processing entry: 29999 (29999 / 0 events processed so far)
	157221 1 852  -> pass !
	157244 1 852  -> pass !
	157248 1 852  -> pass !
	157260 1 852  -> pass !
	157264 1 852  -> pass !
	157268 1 852  -> pass !
	157269 1 852  -> pass !
	157281 1 852  -> pass !
	157288 1 852  -> pass !
	157295 1 852  -> pass !
	157318 1 852  -> pass !
	232138 1 1258  -> pass !
	232208 1 1258  -> pass !
	232215 1 1258  -> pass !
	232243 1 1258  -> pass !
	232277 1 1258  -> pass !
	232356 1 1259  -> pass !
	232365 1 1259  -> pass !
	232369 1 1259  -> pass !
	232399 1 1259  -> pass !
	232421 1 1259  -> pass !
	232447 1 1259  -> pass !
	232469 1 1259  -> pass !
	232559 1 1260  -> pass !
	232578 1 1260  -> pass !
	232600 1 1260  -> pass !
	232626 1 1260  -> pass !
	232641 1 1260  -> pass !
	232659 1 1260  -> pass !
	262045 1 1420  -> pass !
	262172 1 1420  -> pass !
	262190 1 1420  -> pass !
	262217 1 1420  -> pass !
	262223 1 1420  -> pass !
	262240 1 1420  -> pass !
	200972 1 1089  -> pass !
	200975 1 1089  -> pass !
	200985 1 1089  -> pass !
	201018 1 1089  -> pass !
	201050 1 1089  -> pass !
	201057 1 1089  -> pass !
	201059 1 1089  -> pass !
	201060 1 1089  -> pass !
 ( INFO  )  TauTauAnalysis     : Processing entry: 30999 (30999 / 0 events processed so far)
	201064 1 1089  -> pass !
	201073 1 1089  -> pass !
	221064 1 1198  -> pass !
	221070 1 1198  -> pass !
	221080 1 1198  -> pass !
	221086 1 1198  -> pass !
	221101 1 1198  -> pass !
	221116 1 1198  -> pass !
	221202 1 1198  -> pass !
	221224 1 1198  -> pass !
	221280 1 1199  -> pass !
	221304 1 1199  -> pass !
	221336 1 1199  -> pass !
	221371 1 1199  -> pass !
	221379 1 1199  -> pass !
	221388 1 1199  -> pass !
	221394 1 1199  -> pass !
	221452 1 1200  -> pass !
	221458 1 1200  -> pass !
	221464 1 1200  -> pass !
	221500 1 1200  -> pass !
	221504 1 1200  -> pass !
	221510 1 1200  -> pass !
	221518 1 1200  -> pass !
	221553 1 1200  -> pass !
	243779 1 1321  -> pass !
	243804 1 1321  -> pass !
	243813 1 1321  -> pass !
	243891 1 1321  -> pass !
	243898 1 1321  -> pass !
	243938 1 1321  -> pass !
	243960 1 1321  -> pass !
	287407 1 1557  -> pass !
	287434 1 1557  -> pass !
	287454 1 1557  -> pass !
	287457 1 1557  -> pass !
	287515 1 1557  -> pass !
	301950 1 1636  -> pass !
 ( INFO  )  TauTauAnalysis     : Processing entry: 31999 (31999 / 0 events processed so far)
	302001 1 1636  -> pass !
	302039 1 1636  -> pass !
	302051 1 1636  -> pass !
	302052 1 1636  -> pass !
	302081 1 1636  -> pass !
	302124 1 1636  -> pass !
	302180 1 1637  -> pass !
	302181 1 1637  -> pass !
	302186 1 1637  -> pass !
	302196 1 1637  -> pass !
	302201 1 1637  -> pass !
	302228 1 1637  -> pass !
	302233 1 1637  -> pass !
	302261 1 1637  -> pass !
	302270 1 1637  -> pass !
	302298 1 1637  -> pass !
	302328 1 1637  -> pass !
	302360 1 1638  -> pass !
	302361 1 1638  -> pass !
	302413 1 1638  -> pass !
	302417 1 1638  -> pass !
	302456 1 1638  -> pass !
	302478 1 1638  -> pass !
	354015 1 1918  -> pass !
	354128 1 1918  -> pass !
	354189 1 1918  -> pass !
	354193 1 1918  -> pass !
	373959 1 2026  -> pass !
	373987 1 2026  -> pass !
	373991 1 2026  -> pass !
	374008 1 2026  -> pass !
	374017 1 2026  -> pass !
	374021 1 2026  -> pass !
	374058 1 2026  -> pass !
	374097 1 2026  -> pass !
	374119 1 2026  -> pass !
	374228 1 2027  -> pass !
 ( INFO  )  TauTauAnalysis     : Processing entry: 32999 (32999 / 0 events processed so far)
	374266 1 2027  -> pass !
	374279 1 2027  -> pass !
	374371 1 2028  -> pass !
	374372 1 2028  -> pass !
	374413 1 2028  -> pass !
	374422 1 2028  -> pass !
	374454 1 2028  -> pass !
	380048 1 2059  -> pass !
	380071 1 2059  -> pass !
	380125 1 2059  -> pass !
	380126 1 2059  -> pass !
	380244 1 2059  -> pass !
	380311 1 2060  -> pass !
	380337 1 2060  -> pass !
	380355 1 2060  -> pass !
	380385 1 2060  -> pass !
	466472 1 2527  -> pass !
	466503 1 2527  -> pass !
	466532 1 2527  -> pass !
	466629 1 2527  -> pass !
	466630 1 2527  -> pass !
	466644 1 2527  -> pass !
	466663 1 2527  -> pass !
	466665 1 2527  -> pass !
	466706 1 2528  -> pass !
	466707 1 2528  -> pass !
	466715 1 2528  -> pass !
	466727 1 2528  -> pass !
	466733 1 2528  -> pass !
	466734 1 2528  -> pass !
	466801 1 2528  -> pass !
 ( INFO  )  TauTauAnalysis     : Processing entry: 33999 (33999 / 0 events processed so far)
	466834 1 2528  -> pass !
	466854 1 2528  -> pass !
	466861 1 2528  -> pass !
	466879 1 2529  -> pass !
	466986 1 2529  -> pass !
	470383 1 2548  -> pass !
	470388 1 2548  -> pass !
	470406 1 2548  -> pass !
	470467 1 2548  -> pass !
	470470 1 2548  -> pass !
	470475 1 2548  -> pass !
	470554 1 2549  -> pass !
	470555 1 2549  -> pass !
	470628 1 2549  -> pass !
	470702 1 2549  -> pass !
	144658 1 784  -> pass !
	144689 1 784  -> pass !
	144696 1 784  -> pass !
	144718 1 784  -> pass !
	144741 1 784  -> pass !
	144831 1 785  -> pass !
	144835 1 785  -> pass !
	144875 1 785  -> pass !
	144924 1 785  -> pass !
	144953 1 785  -> pass !
	144976 1 785  -> pass !
	144979 1 785  -> pass !
 ( INFO  )  TauTauAnalysis     : Processing entry: 34999 (34999 / 0 events processed so far)
	144992 1 785  -> pass !
	145074 1 786  -> pass !
	145078 1 786  -> pass !
	145090 1 786  -> pass !
	145092 1 786  -> pass !
	163447 1 886  -> pass !
	163462 1 886  -> pass !
	163516 1 886  -> pass !
	163518 1 886  -> pass !
	163532 1 886  -> pass !
	163550 1 886  -> pass !
	163574 1 886  -> pass !
	163590 1 886  -> pass !
	163600 1 886  -> pass !
	163611 1 886  -> pass !
	163622 1 886  -> pass !
	163641 1 887  -> pass !
	163795 1 887  -> pass !
	163798 1 887  -> pass !
	163803 1 887  -> pass !
	163820 1 887  -> pass !
	163829 1 887  -> pass !
	146856 1 796  -> pass !
	146866 1 796  -> pass !
	146957 1 796  -> pass !
	146964 1 796  -> pass !
	147017 1 797  -> pass !
	147067 1 797  -> pass !
	147111 1 797  -> pass !
	147119 1 797  -> pass !
	147185 1 797  -> pass !
	147216 1 798  -> pass !
	147226 1 798  -> pass !
 ( INFO  )  TauTauAnalysis     : Processing entry: 35999 (35999 / 0 events processed so far)
	147254 1 798  -> pass !
	147270 1 798  -> pass !
	147278 1 798  -> pass !
	147321 1 798  -> pass !
	157364 1 853  -> pass !
	157367 1 853  -> pass !
	157424 1 853  -> pass !
	157465 1 853  -> pass !
	157484 1 853  -> pass !
	157505 1 853  -> pass !
	157536 1 853  -> pass !
	157537 1 854  -> pass !
	157552 1 854  -> pass !
	157558 1 854  -> pass !
	157589 1 854  -> pass !
	157606 1 854  -> pass !
	157622 1 854  -> pass !
	157681 1 854  -> pass !
	157686 1 854  -> pass !
	157691 1 854  -> pass !
	157692 1 854  -> pass !
	157696 1 854  -> pass !
	157704 1 854  -> pass !
	305176 1 1653  -> pass !
	305198 1 1653  -> pass !
	357892 1 1939  -> pass !
	358033 1 1939  -> pass !
	358087 1 1940  -> pass !
	358168 1 1940  -> pass !
	358181 1 1940  -> pass !
 ( INFO  )  TauTauAnalysis     : Processing entry: 36999 (36999 / 0 events processed so far)
	358230 1 1940  -> pass !
	358246 1 1940  -> pass !
	358252 1 1940  -> pass !
	358292 1 1941  -> pass !
	358435 1 1941  -> pass !
	382828 1 2074  -> pass !
	382868 1 2074  -> pass !
	382878 1 2074  -> pass !
	382881 1 2074  -> pass !
	382882 1 2074  -> pass !
	382934 1 2074  -> pass !
	382935 1 2074  -> pass !
	382938 1 2074  -> pass !
	383002 1 2074  -> pass !
	383004 1 2074  -> pass !
	383006 1 2074  -> pass !
	320787 1 1738  -> pass !
	320802 1 1738  -> pass !
	320820 1 1738  -> pass !
	320833 1 1738  -> pass !
	320850 1 1738  -> pass !
	320897 1 1738  -> pass !
	320900 1 1738  -> pass !
	320911 1 1738  -> pass !
	320934 1 1738  -> pass !
	320936 1 1738  -> pass !
	320942 1 1738  -> pass !
	320978 1 1739  -> pass !
	321038 1 1739  -> pass !
	321052 1 1739  -> pass !
	321067 1 1739  -> pass !
	321099 1 1739  -> pass !
	321125 1 1739  -> pass !
	321142 1 1739  -> pass !
	321159 1 1739  -> pass !
	321254 1 1740  -> pass !
	321273 1 1740  -> pass !
	321283 1 1740  -> pass !
	321308 1 1740  -> pass !
 ( INFO  )  TauTauAnalysis     : Processing entry: 37999 (37999 / 0 events processed so far)
	334696 1 1813  -> pass !
	334699 1 1813  -> pass !
	334713 1 1813  -> pass !
	334719 1 1813  -> pass !
	334720 1 1813  -> pass !
	334724 1 1813  -> pass !
	334730 1 1813  -> pass !
	334732 1 1813  -> pass !
	334735 1 1813  -> pass !
	334753 1 1813  -> pass !
	334760 1 1813  -> pass !
	334780 1 1813  -> pass !
	334837 1 1814  -> pass !
	334856 1 1814  -> pass !
	334893 1 1814  -> pass !
	334894 1 1814  -> pass !
	334950 1 1814  -> pass !
	334983 1 1814  -> pass !
	334990 1 1814  -> pass !
	335002 1 1814  -> pass !
	335015 1 1814  -> pass !
	352355 1 1909  -> pass !
	352358 1 1909  -> pass !
	352385 1 1909  -> pass !
	352433 1 1909  -> pass !
	352442 1 1909  -> pass !
	352450 1 1909  -> pass !
	352463 1 1909  -> pass !
	352535 1 1909  -> pass !
	352536 1 1909  -> pass !
	352566 1 1910  -> pass !
	352574 1 1910  -> pass !
	352667 1 1910  -> pass !
	352698 1 1910  -> pass !
	352734 1 1910  -> pass !
	352838 1 1911  -> pass !
	352854 1 1911  -> pass !
	352875 1 1911  -> pass !
	352886 1 1911  -> pass !
	407197 1 2206  -> pass !
 ( INFO  )  TauTauAnalysis     : Processing entry: 38999 (38999 / 0 events processed so far)
	407258 1 2206  -> pass !
	407282 1 2206  -> pass !
	407316 1 2206  -> pass !
	407363 1 2206  -> pass !
	407386 1 2206  -> pass !
	407389 1 2206  -> pass !
	407394 1 2207  -> pass !
	407402 1 2207  -> pass !
	407413 1 2207  -> pass !
	407418 1 2207  -> pass !
	407422 1 2207  -> pass !
	407504 1 2207  -> pass !
	407543 1 2207  -> pass !
	407562 1 2207  -> pass !
	407588 1 2207  -> pass !
	150704 1 817  -> pass !
	150746 1 817  -> pass !
	150759 1 817  -> pass !
	150784 1 817  -> pass !
	150806 1 817  -> pass !
	150816 1 817  -> pass !
	150861 1 817  -> pass !
	150873 1 817  -> pass !
	150886 1 817  -> pass !
	150938 1 818  -> pass !
	151034 1 818  -> pass !
	151070 1 818  -> pass !
	151109 1 819  -> pass !
	151129 1 819  -> pass !
	151183 1 819  -> pass !
	161826 1 877  -> pass !
	161830 1 877  -> pass !
	161832 1 877  -> pass !
	161847 1 877  -> pass !
 ( INFO  )  TauTauAnalysis     : Processing entry: 39999 (39999 / 0 events processed so far)
	161892 1 877  -> pass !
	161903 1 877  -> pass !
	161910 1 877  -> pass !
	161921 1 877  -> pass !
	161944 1 877  -> pass !
	161960 1 877  -> pass !
	162019 1 878  -> pass !
	162022 1 878  -> pass !
	162075 1 878  -> pass !
	162080 1 878  -> pass !
	162105 1 878  -> pass !
	410368 1 2223  -> pass !
	410385 1 2223  -> pass !
	410416 1 2223  -> pass !
	410464 1 2223  -> pass !
	410477 1 2223  -> pass !
	410513 1 2223  -> pass !
	410561 1 2224  -> pass !
	410569 1 2224  -> pass !
	410600 1 2224  -> pass !
	410611 1 2224  -> pass !
	410649 1 2224  -> pass !
	410667 1 2224  -> pass !
	410704 1 2224  -> pass !
	410751 1 2225  -> pass !
	410754 1 2225  -> pass !
	410768 1 2225  -> pass !
	410844 1 2225  -> pass !
	410898 1 2225  -> pass !
	410915 1 2226  -> pass !
	410945 1 2226  -> pass !
	410949 1 2226  -> pass !
 ( INFO  )  TauTauAnalysis     : Processing entry: 40999 (40999 / 0 events processed so far)
	411157 1 2227  -> pass !
	411160 1 2227  -> pass !
	411213 1 2227  -> pass !
	437316 1 2369  -> pass !
	437323 1 2369  -> pass !
	437477 1 2369  -> pass !
	437505 1 2369  -> pass !
	437524 1 2370  -> pass !
	437526 1 2370  -> pass !
	437562 1 2370  -> pass !
	437611 1 2370  -> pass !
	437628 1 2370  -> pass !
	437632 1 2370  -> pass !
	437643 1 2370  -> pass !
	438811 1 2377  -> pass !
	438822 1 2377  -> pass !
	438823 1 2377  -> pass !
	438913 1 2377  -> pass !
	438988 1 2378  -> pass !
	439027 1 2378  -> pass !
	439038 1 2378  -> pass !
	439039 1 2378  -> pass !
	439056 1 2378  -> pass !
	439062 1 2378  -> pass !
	439154 1 2378  -> pass !
	439177 1 2379  -> pass !
	439192 1 2379  -> pass !
	439216 1 2379  -> pass !
 ( INFO  )  TauTauAnalysis     : Processing entry: 41999 (41999 / 0 events processed so far)
	439267 1 2379  -> pass !
	439270 1 2379  -> pass !
	439282 1 2379  -> pass !
	439293 1 2379  -> pass !
	439300 1 2379  -> pass !
	174734 1 947  -> pass !
	174736 1 947  -> pass !
	174748 1 947  -> pass !
	174758 1 947  -> pass !
	174773 1 947  -> pass !
	174788 1 947  -> pass !
	174840 1 947  -> pass !
	174873 1 947  -> pass !
	174876 1 947  -> pass !
	174895 1 947  -> pass !
	174902 1 947  -> pass !
	174920 1 948  -> pass !
	174936 1 948  -> pass !
	174954 1 948  -> pass !
	238797 1 1294  -> pass !
	238807 1 1294  -> pass !
	238834 1 1294  -> pass !
	238899 1 1294  -> pass !
	238918 1 1294  -> pass !
	238945 1 1294  -> pass !
	238959 1 1294  -> pass !
	239023 1 1295  -> pass !
	239043 1 1295  -> pass !
	239054 1 1295  -> pass !
	239090 1 1295  -> pass !
	239099 1 1295  -> pass !
	239124 1 1295  -> pass !
	239216 1 1296  -> pass !
	239246 1 1296  -> pass !
	239263 1 1296  -> pass !
	239285 1 1296  -> pass !
 ( INFO  )  TauTauAnalysis     : Processing entry: 42999 (42999 / 0 events processed so far)
	239328 1 1296  -> pass !
	275212 1 1491  -> pass !
	275251 1 1491  -> pass !
	275252 1 1491  -> pass !
	275281 1 1491  -> pass !
	275290 1 1491  -> pass !
	275328 1 1491  -> pass !
	275333 1 1491  -> pass !
	288493 1 1563  -> pass !
	288507 1 1563  -> pass !
	288560 1 1563  -> pass !
	288610 1 1563  -> pass !
	300283 1 1627  -> pass !
	300313 1 1627  -> pass !
	300349 1 1627  -> pass !
	300393 1 1627  -> pass !
	300401 1 1627  -> pass !
	300449 1 1627  -> pass !
	300456 1 1627  -> pass !
	300464 1 1627  -> pass !
	300558 1 1628  -> pass !
	300566 1 1628  -> pass !
	300628 1 1628  -> pass !
	300648 1 1628  -> pass !
	300665 1 1628  -> pass !
	300671 1 1629  -> pass !
	300734 1 1629  -> pass !
	300800 1 1629  -> pass !
	300820 1 1629  -> pass !
	311913 1 1690  -> pass !
	311943 1 1690  -> pass !
 ( INFO  )  TauTauAnalysis     : Processing entry: 43999 (43999 / 0 events processed so far)
	307886 1 1668  -> pass !
	307897 1 1668  -> pass !
	307900 1 1668  -> pass !
	307906 1 1668  -> pass !
	307947 1 1668  -> pass !
	307950 1 1668  -> pass !
	307996 1 1668  -> pass !
	308021 1 1668  -> pass !
	323008 1 1750  -> pass !
	323044 1 1750  -> pass !
	323055 1 1750  -> pass !
	323082 1 1750  -> pass !
	323118 1 1750  -> pass !
	323130 1 1750  -> pass !
	323181 1 1750  -> pass !
	323188 1 1751  -> pass !
	323216 1 1751  -> pass !
	323241 1 1751  -> pass !
	323308 1 1751  -> pass !
	323311 1 1751  -> pass !
	323329 1 1751  -> pass !
	323342 1 1751  -> pass !
	323362 1 1751  -> pass !
	323451 1 1752  -> pass !
	323508 1 1752  -> pass !
	323522 1 1752  -> pass !
	323528 1 1752  -> pass !
	330193 1 1789  -> pass !
	330293 1 1789  -> pass !
	330297 1 1789  -> pass !
	330299 1 1789  -> pass !
	330308 1 1789  -> pass !
 ( INFO  )  TauTauAnalysis     : Processing entry: 44999 (44999 / 0 events processed so far)
	187673 1 1017  -> pass !
	187696 1 1017  -> pass !
	187698 1 1017  -> pass !
	187722 1 1017  -> pass !
	187723 1 1017  -> pass !
	187725 1 1017  -> pass !
	187748 1 1017  -> pass !
	187777 1 1017  -> pass !
	187800 1 1017  -> pass !
	192260 1 1042  -> pass !
	192282 1 1042  -> pass !
	192315 1 1042  -> pass !
	192334 1 1042  -> pass !
	192344 1 1042  -> pass !
	192386 1 1042  -> pass !
	192388 1 1042  -> pass !
	192393 1 1042  -> pass !
	192468 1 1043  -> pass !
	192474 1 1043  -> pass !
	192482 1 1043  -> pass !
	192517 1 1043  -> pass !
	192591 1 1043  -> pass !
	192612 1 1043  -> pass !
	192728 1 1044  -> pass !
	192734 1 1044  -> pass !
	192737 1 1044  -> pass !
	192745 1 1044  -> pass !
	219956 1 1192  -> pass !
	219982 1 1192  -> pass !
	219984 1 1192  -> pass !
	220000 1 1192  -> pass !
	220068 1 1192  -> pass !
	220137 1 1192  -> pass !
	229213 1 1242  -> pass !
 ( INFO  )  TauTauAnalysis     : Processing entry: 45999 (45999 / 0 events processed so far)
	229345 1 1242  -> pass !
	276498 1 1498  -> pass !
	276505 1 1498  -> pass !
	276536 1 1498  -> pass !
	276550 1 1498  -> pass !
	276563 1 1498  -> pass !
	276578 1 1498  -> pass !
	276598 1 1498  -> pass !
	276626 1 1498  -> pass !
	276655 1 1499  -> pass !
	276669 1 1499  -> pass !
	276708 1 1499  -> pass !
	276711 1 1499  -> pass !
	276775 1 1499  -> pass !
	276786 1 1499  -> pass !
	276796 1 1499  -> pass !
	276827 1 1499  -> pass !
	276867 1 1500  -> pass !
	276901 1 1500  -> pass !
	276935 1 1500  -> pass !
	276942 1 1500  -> pass !
	276946 1 1500  -> pass !
	276947 1 1500  -> pass !
	428817 1 2323  -> pass !
	428865 1 2323  -> pass !
	428880 1 2323  -> pass !
	428938 1 2323  -> pass !
	428953 1 2323  -> pass !
	428955 1 2323  -> pass !
	428980 1 2323  -> pass !
	429038 1 2324  -> pass !
	429068 1 2324  -> pass !
	429081 1 2324  -> pass !
	429086 1 2324  -> pass !
	429150 1 2324  -> pass !
	429158 1 2324  -> pass !
	429181 1 2324  -> pass !
 ( INFO  )  TauTauAnalysis     : Processing entry: 46999 (46999 / 0 events processed so far)
	429227 1 2325  -> pass !
	429278 1 2325  -> pass !
	429325 1 2325  -> pass !
	429327 1 2325  -> pass !
	482182 1 2612  -> pass !
	482186 1 2612  -> pass !
	482187 1 2612  -> pass !
	482207 1 2612  -> pass !
	482219 1 2612  -> pass !
	482234 1 2612  -> pass !
	482236 1 2612  -> pass !
	482272 1 2612  -> pass !
	482273 1 2612  -> pass !
	482276 1 2612  -> pass !
	482292 1 2612  -> pass !
	482318 1 2612  -> pass !
	482321 1 2612  -> pass !
	482354 1 2612  -> pass !
	482375 1 2612  -> pass !
	482383 1 2613  -> pass !
	482390 1 2613  -> pass !
	482461 1 2613  -> pass !
	482507 1 2613  -> pass !
	482517 1 2613  -> pass !
	497506 1 2695  -> pass !
	497542 1 2695  -> pass !
	497577 1 2695  -> pass !
	497596 1 2695  -> pass !
	497599 1 2695  -> pass !
	497686 1 2695  -> pass !
	497703 1 2696  -> pass !
	497732 1 2696  -> pass !
	497753 1 2696  -> pass !
	497772 1 2696  -> pass !
	497780 1 2696  -> pass !
	497790 1 2696  -> pass !
	497830 1 2696  -> pass !
	497831 1 2696  -> pass !
	497834 1 2696  -> pass !
	497838 1 2696  -> pass !
	497851 1 2696  -> pass !
	497945 1 2697  -> pass !
 ( INFO  )  TauTauAnalysis     : Processing entry: 47999 (47999 / 0 events processed so far)
	498004 1 2697  -> pass !
	498008 1 2697  -> pass !
	498018 1 2697  -> pass !
	498037 1 2697  -> pass !
	190813 1 1034  -> pass !
	190826 1 1034  -> pass !
	190838 1 1034  -> pass !
	190854 1 1034  -> pass !
	190878 1 1034  -> pass !
	190915 1 1034  -> pass !
	190928 1 1034  -> pass !
	190960 1 1034  -> pass !
	190987 1 1035  -> pass !
	190996 1 1035  -> pass !
	191006 1 1035  -> pass !
	191110 1 1035  -> pass !
	191111 1 1035  -> pass !
	222175 1 1204  -> pass !
	222253 1 1204  -> pass !
	222284 1 1204  -> pass !
	222286 1 1204  -> pass !
	222323 1 1204  -> pass !
	222340 1 1204  -> pass !
	222348 1 1204  -> pass !
	222387 1 1205  -> pass !
	222393 1 1205  -> pass !
	222427 1 1205  -> pass !
	222461 1 1205  -> pass !
	222482 1 1205  -> pass !
	222506 1 1205  -> pass !
	222534 1 1205  -> pass !
	222581 1 1206  -> pass !
	222600 1 1206  -> pass !
	222608 1 1206  -> pass !
	222641 1 1206  -> pass !
	222666 1 1206  -> pass !
	222685 1 1206  -> pass !
 ( INFO  )  TauTauAnalysis     : Processing entry: 48999 (48999 / 0 events processed so far)
	262326 1 1421  -> pass !
	262334 1 1421  -> pass !
	262349 1 1421  -> pass !
	262371 1 1421  -> pass !
	262379 1 1421  -> pass !
	262447 1 1422  -> pass !
	262481 1 1422  -> pass !
	262493 1 1422  -> pass !
	262528 1 1422  -> pass !
	265372 1 1438  -> pass !
	265373 1 1438  -> pass !
	265406 1 1438  -> pass !
	265433 1 1438  -> pass !
	265449 1 1438  -> pass !
	265458 1 1438  -> pass !
	265474 1 1438  -> pass !
	265487 1 1438  -> pass !
	265508 1 1438  -> pass !
	265548 1 1438  -> pass !
	265557 1 1438  -> pass !
	265577 1 1439  -> pass !
	265584 1 1439  -> pass !
	265700 1 1439  -> pass !
	265737 1 1439  -> pass !
	265758 1 1439  -> pass !
	265772 1 1440  -> pass !
	265785 1 1440  -> pass !
	265838 1 1440  -> pass !
	265859 1 1440  -> pass !
	265891 1 1440  -> pass !
	265915 1 1440  -> pass !
	354213 1 1919  -> pass !
	354222 1 1919  -> pass !
	354246 1 1919  -> pass !
	354259 1 1919  -> pass !
	354260 1 1919  -> pass !
	354287 1 1919  -> pass !
	354308 1 1919  -> pass !
	354313 1 1919  -> pass !
	354326 1 1919  -> pass !
 ( INFO  )  TauTauAnalysis     : Processing entry: 49999 (49999 / 0 events processed so far)
	354404 1 1919  -> pass !
	354502 1 1920  -> pass !
	354515 1 1920  -> pass !
	354537 1 1920  -> pass !
	354542 1 1920  -> pass !
	355676 1 1927  -> pass !
	355677 1 1927  -> pass !
	355686 1 1927  -> pass !
	355711 1 1927  -> pass !
	355737 1 1927  -> pass !
	355831 1 1927  -> pass !
	355846 1 1927  -> pass !
	355912 1 1928  -> pass !
	355916 1 1928  -> pass !
	355928 1 1928  -> pass !
	355930 1 1928  -> pass !
	355936 1 1928  -> pass !
	355962 1 1928  -> pass !
	355964 1 1928  -> pass !
	355985 1 1928  -> pass !
	355989 1 1928  -> pass !
	355992 1 1928  -> pass !
	356020 1 1928  -> pass !
	356034 1 1928  -> pass !
	356142 1 1929  -> pass !
	356156 1 1929  -> pass !
	356165 1 1929  -> pass !
	356191 1 1929  -> pass !
	356197 1 1929  -> pass !
	356220 1 1929  -> pass !
	233804 1 1267  -> pass !
	233874 1 1267  -> pass !
	233878 1 1267  -> pass !
	233881 1 1267  -> pass !
	233901 1 1267  -> pass !
	233924 1 1267  -> pass !
	233934 1 1267  -> pass !
	233936 1 1267  -> pass !
	233980 1 1267  -> pass !
 ( INFO  )  TauTauAnalysis     : Processing entry: 50999 (50999 / 0 events processed so far)
	234005 1 1268  -> pass !
	234057 1 1268  -> pass !
	234065 1 1268  -> pass !
	234066 1 1268  -> pass !
	234071 1 1268  -> pass !
	234077 1 1268  -> pass !
	234133 1 1268  -> pass !
	234142 1 1268  -> pass !
	234166 1 1268  -> pass !
	234181 1 1268  -> pass !
	234254 1 1269  -> pass !
	234259 1 1269  -> pass !
	234304 1 1269  -> pass !
	234317 1 1269  -> pass !
	234325 1 1269  -> pass !
	234333 1 1269  -> pass !
	264261 1 1432  -> pass !
	264281 1 1432  -> pass !
	264305 1 1432  -> pass !
	264362 1 1432  -> pass !
	264441 1 1432  -> pass !
	264449 1 1432  -> pass !
	264496 1 1433  -> pass !
	264507 1 1433  -> pass !
	264518 1 1433  -> pass !
	264532 1 1433  -> pass !
	264648 1 1433  -> pass !
	264652 1 1433  -> pass !
	356226 1 1930  -> pass !
	356265 1 1930  -> pass !
	356320 1 1930  -> pass !
	356386 1 1930  -> pass !
	356443 1 1931  -> pass !
	356444 1 1931  -> pass !
	356478 1 1931  -> pass !
 ( INFO  )  TauTauAnalysis     : Processing entry: 51999 (51999 / 0 events processed so far)
	356554 1 1931  -> pass !
	356571 1 1931  -> pass !
	356584 1 1931  -> pass !
	356604 1 1931  -> pass !
	356645 1 1932  -> pass !
	356667 1 1932  -> pass !
	356719 1 1932  -> pass !
	356722 1 1932  -> pass !
	356757 1 1932  -> pass !
	356773 1 1932  -> pass !
	387270 1 2098  -> pass !
	387305 1 2098  -> pass !
	387347 1 2098  -> pass !
	387356 1 2098  -> pass !
	387368 1 2098  -> pass !
	387374 1 2098  -> pass !
	387377 1 2098  -> pass !
	387402 1 2098  -> pass !
	387403 1 2098  -> pass !
	387462 1 2099  -> pass !
	387499 1 2099  -> pass !
	387501 1 2099  -> pass !
	387506 1 2099  -> pass !
	387510 1 2099  -> pass !
	387527 1 2099  -> pass !
	387543 1 2099  -> pass !
	387552 1 2099  -> pass !
	387595 1 2099  -> pass !
	388064 1 2102  -> pass !
	388123 1 2102  -> pass !
	388174 1 2102  -> pass !
	388205 1 2103  -> pass !
	388211 1 2103  -> pass !
	388218 1 2103  -> pass !
	388236 1 2103  -> pass !
	388240 1 2103  -> pass !
	388253 1 2103  -> pass !
	388297 1 2103  -> pass !
 ( INFO  )  TauTauAnalysis     : Processing entry: 52999 (52999 / 0 events processed so far)
	388311 1 2103  -> pass !
	388329 1 2103  -> pass !
	393373 1 2131  -> pass !
	393384 1 2131  -> pass !
	393390 1 2131  -> pass !
	393401 1 2131  -> pass !
	393450 1 2131  -> pass !
	393465 1 2131  -> pass !
	393466 1 2131  -> pass !
	393492 1 2131  -> pass !
	393532 1 2131  -> pass !
	393536 1 2131  -> pass !
	393610 1 2132  -> pass !
	393635 1 2132  -> pass !
	393655 1 2132  -> pass !
	393663 1 2132  -> pass !
	393678 1 2132  -> pass !
	393718 1 2132  -> pass !
	393786 1 2133  -> pass !
	393794 1 2133  -> pass !
	393796 1 2133  -> pass !
	393807 1 2133  -> pass !
	393812 1 2133  -> pass !
	393829 1 2133  -> pass !
 ( INFO  )  TauTauAnalysis     : cut flow for mutau
 ( INFO  )  TauTauAnalysis     : Cut	                     Name	Events	RelEff	AbsEff
 ( INFO  )  TauTauAnalysis     : 	                    start	 53600
 ( INFO  )  TauTauAnalysis     : C0	                     JSON	 53600	100.00	100.00
 ( INFO  )  TauTauAnalysis     : C1	                  Trigger	 12103	 22.58	 22.58
 ( INFO  )  TauTauAnalysis     : C2	               MetFilters	 11989	 99.06	 22.37
 ( INFO  )  TauTauAnalysis     : C3	                   Lepton	  5512	 45.98	 10.28
 ( INFO  )  TauTauAnalysis     : C4	                      Tau	  1255	 22.77	  2.34
 ( INFO  )  TauTauAnalysis     : C5	                 LeptonDR	  1254	 99.92	  2.34

 ( INFO  )  TauTauAnalysis     : cut flow for eletau
 ( INFO  )  TauTauAnalysis     : Cut	                     Name	Events	RelEff	AbsEff
 ( INFO  )  TauTauAnalysis     : 	                    start	 53600
 ( INFO  )  TauTauAnalysis     : C0	                     JSON	 53600	100.00	100.00
 ( INFO  )  TauTauAnalysis     : C1	                  Trigger	 12103	 22.58	 22.58
 ( INFO  )  TauTauAnalysis     : C2	               MetFilters	 11989	 99.06	 22.37
 ( INFO  )  TauTauAnalysis     : C3	                   Lepton	  3205	 26.73	  5.98
 ( INFO  )  TauTauAnalysis     : C4	                      Tau	   632	 19.72	  1.18
 ( INFO  )  TauTauAnalysis     : C5	                 LeptonDR	   631	 99.84	  1.18

 ( INFO  )  TauTauAnalysis     : Terminated InputData "SUSYGluGluToHToTauTau_M-160" (Version:SUSYGluGluToHToTauTau_M-160_TuneCUETP8M1_13TeV-pythia8) on worker node
 ( INFO  )  SCycleController   : Writing output of "TauTauAnalysis" to: ./TauTauAnalysis.SUSYGluGluToHToTauTau_M-160.SUSYGluGluToHToTauTau_M-160_TuneCUETP8M1_13TeV-pythia8.root
[TFile::Cp] Total 0.14 MB	|>...................| 0.00 % [0.0 MB/s][TFile::Cp] Total 0.14 MB	|====================| 100.00 % [674.9 MB/s]
events in mu_tau 1254
events in ele_tau 631
 ( INFO  )  SCycleController   : Overall cycle statistics:
 ( INFO  )  SCycleController   :      53600 Events - Real time   9.96 s  -  5380 Hz | CPU time   8.60 s  -  6233 Hz
 ( INFO  )  TauTauAnalysis     : Tschoe!
	Command being timed: "sframe_main TauTauAnalysis.SUSYGluGluToHToTauTau_M-160.SUSYGluGluToHToTauTau_M-160_TuneCUETP8M1_13TeV-pythia8subjob5.xml"
	User time (seconds): 8.85
	System time (seconds): 0.55
	Percent of CPU this job got: 80%
	Elapsed (wall clock) time (h:mm:ss or m:ss): 0:11.70
	Average shared text size (kbytes): 0
	Average unshared data size (kbytes): 0
	Average stack size (kbytes): 0
	Average total size (kbytes): 0
	Maximum resident set size (kbytes): 1246752
	Average resident set size (kbytes): 0
	Major (requiring I/O) page faults: 1839
	Minor (reclaiming a frame) page faults: 73497
	Voluntary context switches: 13629
	Involuntary context switches: 1190
	Swaps: 0
	File system inputs: 407896
	File system outputs: 1136
	Socket messages sent: 0
	Socket messages received: 0
	Signals delivered: 0
	Page size (bytes): 4096
	Exit status: 0
Sun Aug 28 10:04:34 CEST 2016
##################################################
/scratch/tmpdir-3323806.1.all.q
total 152K
-rw-r--r-- 1 ytakahas uniz-higgs 148K Aug 28 10:04 TauTauAnalysis.SUSYGluGluToHToTauTau_M-160.SUSYGluGluToHToTauTau_M-160_TuneCUETP8M1_13TeV-pythia8.root
-rw-r--r-- 1 ytakahas uniz-higgs 1.7K Aug 28 10:04 TauTauAnalysis.SUSYGluGluToHToTauTau_M-160.SUSYGluGluToHToTauTau_M-160_TuneCUETP8M1_13TeV-pythia8subjob5.xml
##################################################
cp -f TauTauAnalysis.SUSYGluGluToHToTauTau_M-160.SUSYGluGluToHToTauTau_M-160_TuneCUETP8M1_13TeV-pythia8.root /shome/ytakahas/work/TauTau/SFrameAnalysis/SFrame/../AnalysisTemp/sframe_PzDzri/TauTauAnalysis.SUSYGluGluToHToTauTau_M-160.SUSYGluGluToHToTauTau_M-160_TuneCUETP8M1_13TeV-pythia8subjob5.root
# ================================================================
# JOB Live Resources USAGE for job 3323806: ( don't consider mem values, they are wrong )
# usage    1:                 cpu=00:00:00, mem=0.00000 GBs, io=0.00000, vmem=N/A, maxvmem=N/A
# 
# JOB Historical Resources USAGE for job 3323806: you have to manually run
# qacct -j 3323806 2&> /dev/null || qacct -f /gridware/sge/default/common/accounting.complete -j 3323806
# 
# JOB ran over queue@host = all.q@t3wn53.psi.ch
# 
# JOBs executed on t3wn[30-40] should run ~1.13 faster than t3wn[10-29]
#
# removing TMPDIR: /scratch/tmpdir-3323806.1.all.q
